{"/Users/mstellinga/projects/starfield-generator/src/index.js": {"path":"/Users/mstellinga/projects/starfield-generator/src/index.js","statementMap":{},"fnMap":{},"branchMap":{},"s":{},"f":{},"b":{},"hash":"df9919d8dda702147d3714a11bb5169b40dc0d90"}
,"/Users/mstellinga/projects/starfield-generator/src/components/app.js": {"path":"/Users/mstellinga/projects/starfield-generator/src/components/app.js","statementMap":{"0":{"start":{"line":8,"column":2},"end":{"line":12,"column":4}}},"fnMap":{"0":{"name":"(anonymous_0)","decl":{"start":{"line":7,"column":1},"end":{"line":7,"column":2}},"loc":{"start":{"line":7,"column":10},"end":{"line":13,"column":2}},"line":7}},"branchMap":{},"s":{"0":0},"f":{"0":0},"b":{},"hash":"c88700e6957f51c58a1e4291cc71bd4b25708f5c"}
,"/Users/mstellinga/projects/starfield-generator/src/components/generator-ui.js": {"path":"/Users/mstellinga/projects/starfield-generator/src/components/generator-ui.js","statementMap":{"0":{"start":{"line":13,"column":34},"end":{"line":28,"column":3}},"1":{"start":{"line":29,"column":34},"end":{"line":37,"column":3}},"2":{"start":{"line":38,"column":27},"end":{"line":38,"column":40}},"3":{"start":{"line":39,"column":29},"end":{"line":39,"column":42}},"4":{"start":{"line":40,"column":40},"end":{"line":40,"column":55}},"5":{"start":{"line":41,"column":34},"end":{"line":41,"column":49}},"6":{"start":{"line":42,"column":34},"end":{"line":42,"column":45}},"7":{"start":{"line":43,"column":32},"end":{"line":43,"column":44}},"8":{"start":{"line":44,"column":24},"end":{"line":44,"column":35}},"9":{"start":{"line":45,"column":26},"end":{"line":45,"column":50}},"10":{"start":{"line":46,"column":20},"end":{"line":46,"column":22}},"11":{"start":{"line":48,"column":24},"end":{"line":72,"column":3}},"12":{"start":{"line":50,"column":4},"end":{"line":68,"column":5}},"13":{"start":{"line":51,"column":6},"end":{"line":56,"column":8}},"14":{"start":{"line":57,"column":11},"end":{"line":68,"column":5}},"15":{"start":{"line":58,"column":6},"end":{"line":62,"column":8}},"16":{"start":{"line":64,"column":6},"end":{"line":67,"column":8}},"17":{"start":{"line":69,"column":22},"end":{"line":69,"column":35}},"18":{"start":{"line":70,"column":4},"end":{"line":70,"column":34}},"19":{"start":{"line":71,"column":4},"end":{"line":71,"column":29}},"20":{"start":{"line":74,"column":24},"end":{"line":79,"column":3}},"21":{"start":{"line":75,"column":4},"end":{"line":78,"column":7}},"22":{"start":{"line":81,"column":21},"end":{"line":85,"column":3}},"23":{"start":{"line":82,"column":22},"end":{"line":82,"column":35}},"24":{"start":{"line":83,"column":4},"end":{"line":83,"column":170}},"25":{"start":{"line":84,"column":4},"end":{"line":84,"column":29}},"26":{"start":{"line":87,"column":24},"end":{"line":91,"column":3}},"27":{"start":{"line":88,"column":22},"end":{"line":88,"column":35}},"28":{"start":{"line":89,"column":4},"end":{"line":89,"column":30}},"29":{"start":{"line":90,"column":4},"end":{"line":90,"column":29}},"30":{"start":{"line":93,"column":2},"end":{"line":118,"column":54}},"31":{"start":{"line":94,"column":4},"end":{"line":117,"column":5}},"32":{"start":{"line":95,"column":20},"end":{"line":111,"column":11}},"33":{"start":{"line":96,"column":27},"end":{"line":96,"column":42}},"34":{"start":{"line":97,"column":8},"end":{"line":110,"column":9}},"35":{"start":{"line":98,"column":21},"end":{"line":98,"column":52}},"36":{"start":{"line":99,"column":25},"end":{"line":99,"column":42}},"37":{"start":{"line":100,"column":10},"end":{"line":100,"column":52}},"38":{"start":{"line":101,"column":10},"end":{"line":101,"column":33}},"39":{"start":{"line":102,"column":10},"end":{"line":109,"column":11}},"40":{"start":{"line":103,"column":12},"end":{"line":103,"column":26}},"41":{"start":{"line":104,"column":17},"end":{"line":109,"column":11}},"42":{"start":{"line":105,"column":12},"end":{"line":105,"column":28}},"43":{"start":{"line":106,"column":12},"end":{"line":106,"column":27}},"44":{"start":{"line":107,"column":12},"end":{"line":107,"column":33}},"45":{"start":{"line":108,"column":12},"end":{"line":108,"column":27}},"46":{"start":{"line":112,"column":6},"end":{"line":112,"column":39}},"47":{"start":{"line":112,"column":19},"end":{"line":112,"column":38}},"48":{"start":{"line":113,"column":11},"end":{"line":117,"column":5}},"49":{"start":{"line":114,"column":6},"end":{"line":114,"column":21}},"50":{"start":{"line":115,"column":6},"end":{"line":115,"column":21}},"51":{"start":{"line":116,"column":6},"end":{"line":116,"column":27}},"52":{"start":{"line":121,"column":4},"end":{"line":121,"column":61}},"53":{"start":{"line":122,"column":4},"end":{"line":122,"column":23}},"54":{"start":{"line":123,"column":4},"end":{"line":123,"column":18}},"55":{"start":{"line":124,"column":4},"end":{"line":124,"column":14}},"56":{"start":{"line":125,"column":4},"end":{"line":125,"column":19}},"57":{"start":{"line":126,"column":4},"end":{"line":126,"column":18}},"58":{"start":{"line":129,"column":1},"end":{"line":150,"column":4}},"59":{"start":{"line":140,"column":77},"end":{"line":140,"column":106}},"60":{"start":{"line":141,"column":78},"end":{"line":141,"column":108}},"61":{"start":{"line":142,"column":79},"end":{"line":142,"column":110}},"62":{"start":{"line":143,"column":78},"end":{"line":143,"column":95}},"63":{"start":{"line":148,"column":146},"end":{"line":148,"column":167}}},"fnMap":{"0":{"name":"GeneratorUI","decl":{"start":{"line":11,"column":9},"end":{"line":11,"column":20}},"loc":{"start":{"line":11,"column":23},"end":{"line":151,"column":1}},"line":11},"1":{"name":"(anonymous_1)","decl":{"start":{"line":48,"column":24},"end":{"line":48,"column":25}},"loc":{"start":{"line":48,"column":43},"end":{"line":72,"column":3}},"line":48},"2":{"name":"(anonymous_2)","decl":{"start":{"line":74,"column":24},"end":{"line":74,"column":25}},"loc":{"start":{"line":74,"column":38},"end":{"line":79,"column":3}},"line":74},"3":{"name":"(anonymous_3)","decl":{"start":{"line":81,"column":21},"end":{"line":81,"column":22}},"loc":{"start":{"line":81,"column":30},"end":{"line":85,"column":3}},"line":81},"4":{"name":"(anonymous_4)","decl":{"start":{"line":87,"column":24},"end":{"line":87,"column":25}},"loc":{"start":{"line":87,"column":33},"end":{"line":91,"column":3}},"line":87},"5":{"name":"(anonymous_5)","decl":{"start":{"line":93,"column":12},"end":{"line":93,"column":13}},"loc":{"start":{"line":93,"column":18},"end":{"line":118,"column":3}},"line":93},"6":{"name":"(anonymous_6)","decl":{"start":{"line":95,"column":31},"end":{"line":95,"column":32}},"loc":{"start":{"line":95,"column":37},"end":{"line":111,"column":7}},"line":95},"7":{"name":"(anonymous_7)","decl":{"start":{"line":112,"column":13},"end":{"line":112,"column":14}},"loc":{"start":{"line":112,"column":19},"end":{"line":112,"column":38}},"line":112},"8":{"name":"startGenerate","decl":{"start":{"line":120,"column":11},"end":{"line":120,"column":24}},"loc":{"start":{"line":120,"column":30},"end":{"line":127,"column":3}},"line":120},"9":{"name":"(anonymous_9)","decl":{"start":{"line":140,"column":72},"end":{"line":140,"column":73}},"loc":{"start":{"line":140,"column":76},"end":{"line":140,"column":107}},"line":140},"10":{"name":"(anonymous_10)","decl":{"start":{"line":141,"column":73},"end":{"line":141,"column":74}},"loc":{"start":{"line":141,"column":77},"end":{"line":141,"column":109}},"line":141},"11":{"name":"(anonymous_11)","decl":{"start":{"line":142,"column":74},"end":{"line":142,"column":75}},"loc":{"start":{"line":142,"column":78},"end":{"line":142,"column":111}},"line":142},"12":{"name":"(anonymous_12)","decl":{"start":{"line":143,"column":73},"end":{"line":143,"column":74}},"loc":{"start":{"line":143,"column":77},"end":{"line":143,"column":96}},"line":143},"13":{"name":"(anonymous_13)","decl":{"start":{"line":148,"column":142},"end":{"line":148,"column":143}},"loc":{"start":{"line":148,"column":146},"end":{"line":148,"column":167}},"line":148}},"branchMap":{"0":{"loc":{"start":{"line":50,"column":4},"end":{"line":68,"column":5}},"type":"if","locations":[{"start":{"line":50,"column":4},"end":{"line":68,"column":5}},{"start":{"line":50,"column":4},"end":{"line":68,"column":5}}],"line":50},"1":{"loc":{"start":{"line":57,"column":11},"end":{"line":68,"column":5}},"type":"if","locations":[{"start":{"line":57,"column":11},"end":{"line":68,"column":5}},{"start":{"line":57,"column":11},"end":{"line":68,"column":5}}],"line":57},"2":{"loc":{"start":{"line":94,"column":4},"end":{"line":117,"column":5}},"type":"if","locations":[{"start":{"line":94,"column":4},"end":{"line":117,"column":5}},{"start":{"line":94,"column":4},"end":{"line":117,"column":5}}],"line":94},"3":{"loc":{"start":{"line":94,"column":7},"end":{"line":94,"column":30}},"type":"binary-expr","locations":[{"start":{"line":94,"column":7},"end":{"line":94,"column":16}},{"start":{"line":94,"column":20},"end":{"line":94,"column":30}}],"line":94},"4":{"loc":{"start":{"line":97,"column":8},"end":{"line":110,"column":9}},"type":"if","locations":[{"start":{"line":97,"column":8},"end":{"line":110,"column":9}},{"start":{"line":97,"column":8},"end":{"line":110,"column":9}}],"line":97},"5":{"loc":{"start":{"line":100,"column":22},"end":{"line":100,"column":50}},"type":"cond-expr","locations":[{"start":{"line":100,"column":36},"end":{"line":100,"column":39}},{"start":{"line":100,"column":42},"end":{"line":100,"column":50}}],"line":100},"6":{"loc":{"start":{"line":102,"column":10},"end":{"line":109,"column":11}},"type":"if","locations":[{"start":{"line":102,"column":10},"end":{"line":109,"column":11}},{"start":{"line":102,"column":10},"end":{"line":109,"column":11}}],"line":102},"7":{"loc":{"start":{"line":102,"column":13},"end":{"line":102,"column":43}},"type":"binary-expr","locations":[{"start":{"line":102,"column":13},"end":{"line":102,"column":17}},{"start":{"line":102,"column":21},"end":{"line":102,"column":43}}],"line":102},"8":{"loc":{"start":{"line":104,"column":17},"end":{"line":109,"column":11}},"type":"if","locations":[{"start":{"line":104,"column":17},"end":{"line":109,"column":11}},{"start":{"line":104,"column":17},"end":{"line":109,"column":11}}],"line":104},"9":{"loc":{"start":{"line":113,"column":11},"end":{"line":117,"column":5}},"type":"if","locations":[{"start":{"line":113,"column":11},"end":{"line":117,"column":5}},{"start":{"line":113,"column":11},"end":{"line":117,"column":5}}],"line":113},"10":{"loc":{"start":{"line":140,"column":13},"end":{"line":140,"column":123}},"type":"binary-expr","locations":[{"start":{"line":140,"column":13},"end":{"line":140,"column":24}},{"start":{"line":140,"column":28},"end":{"line":140,"column":123}}],"line":140},"11":{"loc":{"start":{"line":141,"column":13},"end":{"line":141,"column":133}},"type":"binary-expr","locations":[{"start":{"line":141,"column":13},"end":{"line":141,"column":24}},{"start":{"line":141,"column":28},"end":{"line":141,"column":133}}],"line":141},"12":{"loc":{"start":{"line":142,"column":13},"end":{"line":142,"column":136}},"type":"binary-expr","locations":[{"start":{"line":142,"column":13},"end":{"line":142,"column":24}},{"start":{"line":142,"column":28},"end":{"line":142,"column":136}}],"line":142},"13":{"loc":{"start":{"line":143,"column":13},"end":{"line":143,"column":113}},"type":"binary-expr","locations":[{"start":{"line":143,"column":13},"end":{"line":143,"column":24}},{"start":{"line":143,"column":28},"end":{"line":143,"column":113}}],"line":143}},"s":{"0":1,"1":1,"2":1,"3":1,"4":1,"5":1,"6":1,"7":1,"8":1,"9":1,"10":1,"11":1,"12":0,"13":0,"14":0,"15":0,"16":0,"17":0,"18":0,"19":0,"20":1,"21":0,"22":1,"23":0,"24":0,"25":0,"26":1,"27":0,"28":0,"29":0,"30":1,"31":0,"32":0,"33":0,"34":0,"35":0,"36":0,"37":0,"38":0,"39":0,"40":0,"41":0,"42":0,"43":0,"44":0,"45":0,"46":0,"47":0,"48":0,"49":0,"50":0,"51":0,"52":0,"53":0,"54":0,"55":0,"56":0,"57":0,"58":1,"59":0,"60":0,"61":0,"62":0,"63":0},"f":{"0":1,"1":0,"2":0,"3":0,"4":0,"5":0,"6":0,"7":0,"8":0,"9":0,"10":0,"11":0,"12":0,"13":0},"b":{"0":[0,0],"1":[0,0],"2":[0,0],"3":[0,0],"4":[0,0],"5":[0,0],"6":[0,0],"7":[0,0],"8":[0,0],"9":[0,0],"10":[1,1],"11":[1,1],"12":[1,1],"13":[1,0]},"_coverageSchema":"43e27e138ebf9cfc5966b082cf9a028302ed4184","hash":"830e9eeb085357489e8e25aba4f4c6975f7db372"}
,"/Users/mstellinga/projects/starfield-generator/src/components/elements/checkbox.js": {"path":"/Users/mstellinga/projects/starfield-generator/src/components/elements/checkbox.js","statementMap":{"0":{"start":{"line":4,"column":17},"end":{"line":8,"column":1}},"1":{"start":{"line":5,"column":4},"end":{"line":7,"column":10}}},"fnMap":{"0":{"name":"(anonymous_0)","decl":{"start":{"line":4,"column":17},"end":{"line":4,"column":18}},"loc":{"start":{"line":5,"column":4},"end":{"line":7,"column":10}},"line":5}},"branchMap":{},"s":{"0":3,"1":9},"f":{"0":9},"b":{},"_coverageSchema":"43e27e138ebf9cfc5966b082cf9a028302ed4184","hash":"3b451247f4733a0820cf9426bf938cefaf2e7be3"}
,"/Users/mstellinga/projects/starfield-generator/src/components/elements/color-picker.js": {"path":"/Users/mstellinga/projects/starfield-generator/src/components/elements/color-picker.js","statementMap":{"0":{"start":{"line":6,"column":16},"end":{"line":9,"column":1}},"1":{"start":{"line":10,"column":14},"end":{"line":16,"column":1}},"2":{"start":{"line":19,"column":28},"end":{"line":19,"column":43}},"3":{"start":{"line":22,"column":23},"end":{"line":22,"column":28}},"4":{"start":{"line":23,"column":8},"end":{"line":23,"column":26}},"5":{"start":{"line":27,"column":8},"end":{"line":27,"column":23}},"6":{"start":{"line":31,"column":8},"end":{"line":31,"column":30}},"7":{"start":{"line":35,"column":8},"end":{"line":35,"column":96}},"8":{"start":{"line":38,"column":4},"end":{"line":46,"column":6}}},"fnMap":{"0":{"name":"ColorPicker","decl":{"start":{"line":18,"column":9},"end":{"line":18,"column":20}},"loc":{"start":{"line":18,"column":29},"end":{"line":47,"column":1}},"line":18},"1":{"name":"handleClick","decl":{"start":{"line":21,"column":13},"end":{"line":21,"column":24}},"loc":{"start":{"line":21,"column":26},"end":{"line":24,"column":5}},"line":21},"2":{"name":"handleClose","decl":{"start":{"line":26,"column":13},"end":{"line":26,"column":24}},"loc":{"start":{"line":26,"column":26},"end":{"line":28,"column":5}},"line":26},"3":{"name":"handleChange","decl":{"start":{"line":30,"column":13},"end":{"line":30,"column":25}},"loc":{"start":{"line":30,"column":33},"end":{"line":32,"column":5}},"line":30},"4":{"name":"colorToCSS","decl":{"start":{"line":34,"column":13},"end":{"line":34,"column":23}},"loc":{"start":{"line":34,"column":25},"end":{"line":36,"column":5}},"line":34}},"branchMap":{"0":{"loc":{"start":{"line":41,"column":14},"end":{"line":44,"column":29}},"type":"cond-expr","locations":[{"start":{"line":41,"column":21},"end":{"line":44,"column":22}},{"start":{"line":44,"column":25},"end":{"line":44,"column":29}}],"line":41}},"s":{"0":3,"1":3,"2":8,"3":0,"4":0,"5":0,"6":0,"7":8,"8":8},"f":{"0":8,"1":0,"2":0,"3":0,"4":8},"b":{"0":[0,8]},"_coverageSchema":"43e27e138ebf9cfc5966b082cf9a028302ed4184","hash":"797670dff4a6738333152a1dd11b497abc00411b"}
,"/Users/mstellinga/projects/starfield-generator/src/components/elements/progress.js": {"path":"/Users/mstellinga/projects/starfield-generator/src/components/elements/progress.js","statementMap":{"0":{"start":{"line":6,"column":4},"end":{"line":8,"column":12}}},"fnMap":{"0":{"name":"Progress","decl":{"start":{"line":4,"column":9},"end":{"line":4,"column":17}},"loc":{"start":{"line":4,"column":26},"end":{"line":9,"column":1}},"line":4}},"branchMap":{},"s":{"0":2},"f":{"0":2},"b":{},"_coverageSchema":"43e27e138ebf9cfc5966b082cf9a028302ed4184","hash":"f479545750f73348d3ec2815fc7d05d1522d2d1e"}
,"/Users/mstellinga/projects/starfield-generator/src/components/elements/text-input.js": {"path":"/Users/mstellinga/projects/starfield-generator/src/components/elements/text-input.js","statementMap":{"0":{"start":{"line":4,"column":18},"end":{"line":6,"column":1}},"1":{"start":{"line":5,"column":4},"end":{"line":5,"column":121}}},"fnMap":{"0":{"name":"(anonymous_0)","decl":{"start":{"line":4,"column":18},"end":{"line":4,"column":19}},"loc":{"start":{"line":5,"column":4},"end":{"line":5,"column":121}},"line":5}},"branchMap":{},"s":{"0":5,"1":73},"f":{"0":73},"b":{},"_coverageSchema":"43e27e138ebf9cfc5966b082cf9a028302ed4184","hash":"9c4afd24a04c06aa12896d5328adf2319b579be7"}
,"/Users/mstellinga/projects/starfield-generator/src/components/settings/cluster-settings.js": {"path":"/Users/mstellinga/projects/starfield-generator/src/components/settings/cluster-settings.js","statementMap":{"0":{"start":{"line":10,"column":8},"end":{"line":13,"column":9}},"1":{"start":{"line":11,"column":27},"end":{"line":11,"column":59}},"2":{"start":{"line":12,"column":12},"end":{"line":12,"column":101}},"3":{"start":{"line":17,"column":8},"end":{"line":19,"column":9}},"4":{"start":{"line":18,"column":12},"end":{"line":18,"column":59}},"5":{"start":{"line":22,"column":25},"end":{"line":34,"column":5}},"6":{"start":{"line":23,"column":8},"end":{"line":33,"column":13}},"7":{"start":{"line":32,"column":52},"end":{"line":32,"column":79}},"8":{"start":{"line":36,"column":4},"end":{"line":56,"column":12}}},"fnMap":{"0":{"name":"ClusterSettings","decl":{"start":{"line":7,"column":9},"end":{"line":7,"column":24}},"loc":{"start":{"line":7,"column":33},"end":{"line":57,"column":1}},"line":7},"1":{"name":"setInt","decl":{"start":{"line":9,"column":13},"end":{"line":9,"column":19}},"loc":{"start":{"line":9,"column":31},"end":{"line":14,"column":5}},"line":9},"2":{"name":"(anonymous_2)","decl":{"start":{"line":10,"column":15},"end":{"line":10,"column":16}},"loc":{"start":{"line":10,"column":26},"end":{"line":13,"column":9}},"line":10},"3":{"name":"setColor","decl":{"start":{"line":16,"column":13},"end":{"line":16,"column":21}},"loc":{"start":{"line":16,"column":27},"end":{"line":20,"column":5}},"line":16},"4":{"name":"(anonymous_4)","decl":{"start":{"line":17,"column":15},"end":{"line":17,"column":16}},"loc":{"start":{"line":17,"column":26},"end":{"line":19,"column":9}},"line":17},"5":{"name":"(anonymous_5)","decl":{"start":{"line":22,"column":44},"end":{"line":22,"column":45}},"loc":{"start":{"line":23,"column":8},"end":{"line":33,"column":13}},"line":23},"6":{"name":"(anonymous_6)","decl":{"start":{"line":32,"column":47},"end":{"line":32,"column":48}},"loc":{"start":{"line":32,"column":51},"end":{"line":32,"column":80}},"line":32}},"branchMap":{"0":{"loc":{"start":{"line":12,"column":45},"end":{"line":12,"column":99}},"type":"cond-expr","locations":[{"start":{"line":12,"column":63},"end":{"line":12,"column":88}},{"start":{"line":12,"column":91},"end":{"line":12,"column":99}}],"line":12},"1":{"loc":{"start":{"line":24,"column":17},"end":{"line":24,"column":33}},"type":"cond-expr","locations":[{"start":{"line":24,"column":25},"end":{"line":24,"column":30}},{"start":{"line":24,"column":31},"end":{"line":24,"column":33}}],"line":24},"2":{"loc":{"start":{"line":25,"column":19},"end":{"line":25,"column":104}},"type":"binary-expr","locations":[{"start":{"line":25,"column":19},"end":{"line":25,"column":26}},{"start":{"line":25,"column":30},"end":{"line":25,"column":104}}],"line":25},"3":{"loc":{"start":{"line":32,"column":19},"end":{"line":32,"column":92}},"type":"binary-expr","locations":[{"start":{"line":32,"column":19},"end":{"line":32,"column":26}},{"start":{"line":32,"column":30},"end":{"line":32,"column":92}}],"line":32}},"s":{"0":40,"1":0,"2":0,"3":7,"4":0,"5":3,"6":7,"7":0,"8":3},"f":{"0":3,"1":40,"2":0,"3":7,"4":0,"5":7,"6":0},"b":{"0":[0,0],"1":[5,2],"2":[7,5],"3":[7,5]},"_coverageSchema":"43e27e138ebf9cfc5966b082cf9a028302ed4184","hash":"a492eee9ffb343c5167abdf4941746b801ac5dad"}
,"/Users/mstellinga/projects/starfield-generator/src/components/settings/generate-settings.js": {"path":"/Users/mstellinga/projects/starfield-generator/src/components/settings/generate-settings.js","statementMap":{"0":{"start":{"line":9,"column":8},"end":{"line":11,"column":10}},"1":{"start":{"line":10,"column":12},"end":{"line":10,"column":63}},"2":{"start":{"line":15,"column":8},"end":{"line":18,"column":9}},"3":{"start":{"line":16,"column":27},"end":{"line":16,"column":59}},"4":{"start":{"line":17,"column":12},"end":{"line":17,"column":92}},"5":{"start":{"line":22,"column":8},"end":{"line":25,"column":9}},"6":{"start":{"line":23,"column":27},"end":{"line":23,"column":57}},"7":{"start":{"line":24,"column":12},"end":{"line":24,"column":92}},"8":{"start":{"line":28,"column":4},"end":{"line":70,"column":6}}},"fnMap":{"0":{"name":"GenerateSettings","decl":{"start":{"line":6,"column":9},"end":{"line":6,"column":25}},"loc":{"start":{"line":6,"column":33},"end":{"line":71,"column":1}},"line":6},"1":{"name":"setBool","decl":{"start":{"line":8,"column":13},"end":{"line":8,"column":20}},"loc":{"start":{"line":8,"column":27},"end":{"line":12,"column":5}},"line":8},"2":{"name":"(anonymous_2)","decl":{"start":{"line":9,"column":15},"end":{"line":9,"column":16}},"loc":{"start":{"line":9,"column":26},"end":{"line":11,"column":9}},"line":9},"3":{"name":"setInt","decl":{"start":{"line":14,"column":13},"end":{"line":14,"column":19}},"loc":{"start":{"line":14,"column":26},"end":{"line":19,"column":5}},"line":14},"4":{"name":"(anonymous_4)","decl":{"start":{"line":15,"column":15},"end":{"line":15,"column":16}},"loc":{"start":{"line":15,"column":26},"end":{"line":18,"column":9}},"line":15},"5":{"name":"setFloat","decl":{"start":{"line":21,"column":13},"end":{"line":21,"column":21}},"loc":{"start":{"line":21,"column":28},"end":{"line":26,"column":5}},"line":21},"6":{"name":"(anonymous_6)","decl":{"start":{"line":22,"column":15},"end":{"line":22,"column":16}},"loc":{"start":{"line":22,"column":26},"end":{"line":25,"column":9}},"line":22}},"branchMap":{"0":{"loc":{"start":{"line":17,"column":41},"end":{"line":17,"column":90}},"type":"cond-expr","locations":[{"start":{"line":17,"column":59},"end":{"line":17,"column":79}},{"start":{"line":17,"column":82},"end":{"line":17,"column":90}}],"line":17},"1":{"loc":{"start":{"line":24,"column":41},"end":{"line":24,"column":90}},"type":"cond-expr","locations":[{"start":{"line":24,"column":59},"end":{"line":24,"column":79}},{"start":{"line":24,"column":82},"end":{"line":24,"column":90}}],"line":24}},"s":{"0":6,"1":0,"2":21,"3":0,"4":0,"5":6,"6":0,"7":0,"8":3},"f":{"0":3,"1":6,"2":0,"3":21,"4":0,"5":6,"6":0},"b":{"0":[0,0],"1":[0,0]},"_coverageSchema":"43e27e138ebf9cfc5966b082cf9a028302ed4184","hash":"111d06a8f7f7689519c2bba2539fd38797eeb89d"}
,"/Users/mstellinga/projects/starfield-generator/src/components/settings/image-settings.js": {"path":"/Users/mstellinga/projects/starfield-generator/src/components/settings/image-settings.js","statementMap":{"0":{"start":{"line":8,"column":23},"end":{"line":8,"column":55}},"1":{"start":{"line":9,"column":8},"end":{"line":9,"column":68}},"2":{"start":{"line":13,"column":23},"end":{"line":13,"column":55}},"3":{"start":{"line":14,"column":8},"end":{"line":14,"column":70}},"4":{"start":{"line":17,"column":4},"end":{"line":22,"column":12}}},"fnMap":{"0":{"name":"ImageSettings","decl":{"start":{"line":5,"column":9},"end":{"line":5,"column":22}},"loc":{"start":{"line":5,"column":30},"end":{"line":23,"column":1}},"line":5},"1":{"name":"setWidth","decl":{"start":{"line":7,"column":13},"end":{"line":7,"column":21}},"loc":{"start":{"line":7,"column":29},"end":{"line":10,"column":5}},"line":7},"2":{"name":"setHeight","decl":{"start":{"line":12,"column":13},"end":{"line":12,"column":22}},"loc":{"start":{"line":12,"column":30},"end":{"line":15,"column":5}},"line":12}},"branchMap":{"0":{"loc":{"start":{"line":9,"column":26},"end":{"line":9,"column":66}},"type":"cond-expr","locations":[{"start":{"line":9,"column":44},"end":{"line":9,"column":55}},{"start":{"line":9,"column":58},"end":{"line":9,"column":66}}],"line":9},"1":{"loc":{"start":{"line":14,"column":27},"end":{"line":14,"column":68}},"type":"cond-expr","locations":[{"start":{"line":14,"column":45},"end":{"line":14,"column":57}},{"start":{"line":14,"column":60},"end":{"line":14,"column":68}}],"line":14}},"s":{"0":0,"1":0,"2":0,"3":0,"4":2},"f":{"0":2,"1":0,"2":0},"b":{"0":[0,0],"1":[0,0]},"_coverageSchema":"43e27e138ebf9cfc5966b082cf9a028302ed4184","hash":"1595da341707d10673f675a5209cf011a9056291"}
,"/Users/mstellinga/projects/starfield-generator/src/components/settings/picture.js": {"path":"/Users/mstellinga/projects/starfield-generator/src/components/settings/picture.js","statementMap":{"0":{"start":{"line":6,"column":18},"end":{"line":6,"column":19}},"1":{"start":{"line":7,"column":17},"end":{"line":7,"column":18}},"2":{"start":{"line":8,"column":18},"end":{"line":8,"column":19}},"3":{"start":{"line":13,"column":8},"end":{"line":17,"column":9}},"4":{"start":{"line":20,"column":4},"end":{"line":20,"column":115}},"5":{"start":{"line":25,"column":27},"end":{"line":25,"column":46}},"6":{"start":{"line":26,"column":23},"end":{"line":26,"column":35}},"7":{"start":{"line":29,"column":8},"end":{"line":29,"column":51}},"8":{"start":{"line":32,"column":4},"end":{"line":37,"column":35}},"9":{"start":{"line":33,"column":8},"end":{"line":36,"column":9}},"10":{"start":{"line":34,"column":12},"end":{"line":34,"column":26}},"11":{"start":{"line":35,"column":12},"end":{"line":35,"column":33}},"12":{"start":{"line":39,"column":4},"end":{"line":41,"column":11}},"13":{"start":{"line":40,"column":8},"end":{"line":40,"column":60}},"14":{"start":{"line":44,"column":18},"end":{"line":44,"column":75}},"15":{"start":{"line":45,"column":8},"end":{"line":47,"column":9}},"16":{"start":{"line":46,"column":12},"end":{"line":46,"column":52}},"17":{"start":{"line":52,"column":8},"end":{"line":52,"column":31}},"18":{"start":{"line":56,"column":18},"end":{"line":56,"column":67}},"19":{"start":{"line":57,"column":8},"end":{"line":62,"column":9}},"20":{"start":{"line":58,"column":23},"end":{"line":58,"column":59}},"21":{"start":{"line":59,"column":20},"end":{"line":59,"column":57}},"22":{"start":{"line":60,"column":20},"end":{"line":60,"column":56}},"23":{"start":{"line":61,"column":12},"end":{"line":61,"column":54}},"24":{"start":{"line":66,"column":8},"end":{"line":68,"column":9}},"25":{"start":{"line":67,"column":12},"end":{"line":67,"column":65}},"26":{"start":{"line":72,"column":21},"end":{"line":72,"column":41}},"27":{"start":{"line":73,"column":8},"end":{"line":75,"column":9}},"28":{"start":{"line":74,"column":12},"end":{"line":74,"column":41}},"29":{"start":{"line":76,"column":8},"end":{"line":76,"column":22}},"30":{"start":{"line":79,"column":4},"end":{"line":94,"column":12}},"31":{"start":{"line":82,"column":56},"end":{"line":82,"column":73}},"32":{"start":{"line":83,"column":57},"end":{"line":83,"column":75}},"33":{"start":{"line":84,"column":57},"end":{"line":84,"column":75}},"34":{"start":{"line":90,"column":20},"end":{"line":90,"column":81}}},"fnMap":{"0":{"name":"ClusterCircle","decl":{"start":{"line":10,"column":9},"end":{"line":10,"column":22}},"loc":{"start":{"line":10,"column":30},"end":{"line":21,"column":1}},"line":10},"1":{"name":"createStyle","decl":{"start":{"line":12,"column":13},"end":{"line":12,"column":24}},"loc":{"start":{"line":12,"column":26},"end":{"line":18,"column":5}},"line":12},"2":{"name":"Picture","decl":{"start":{"line":23,"column":9},"end":{"line":23,"column":16}},"loc":{"start":{"line":23,"column":24},"end":{"line":95,"column":1}},"line":23},"3":{"name":"paintCanvas","decl":{"start":{"line":28,"column":13},"end":{"line":28,"column":24}},"loc":{"start":{"line":28,"column":26},"end":{"line":30,"column":5}},"line":28},"4":{"name":"(anonymous_4)","decl":{"start":{"line":32,"column":20},"end":{"line":32,"column":21}},"loc":{"start":{"line":32,"column":26},"end":{"line":37,"column":5}},"line":32},"5":{"name":"(anonymous_5)","decl":{"start":{"line":39,"column":14},"end":{"line":39,"column":15}},"loc":{"start":{"line":39,"column":20},"end":{"line":41,"column":5}},"line":39},"6":{"name":"onDragStart","decl":{"start":{"line":43,"column":13},"end":{"line":43,"column":24}},"loc":{"start":{"line":43,"column":32},"end":{"line":48,"column":5}},"line":43},"7":{"name":"onDragOver","decl":{"start":{"line":50,"column":13},"end":{"line":50,"column":23}},"loc":{"start":{"line":50,"column":31},"end":{"line":53,"column":5}},"line":50},"8":{"name":"onDrop","decl":{"start":{"line":55,"column":13},"end":{"line":55,"column":19}},"loc":{"start":{"line":55,"column":27},"end":{"line":63,"column":5}},"line":55},"9":{"name":"onClick","decl":{"start":{"line":65,"column":13},"end":{"line":65,"column":20}},"loc":{"start":{"line":65,"column":27},"end":{"line":69,"column":5}},"line":65},"10":{"name":"createStyle","decl":{"start":{"line":71,"column":13},"end":{"line":71,"column":24}},"loc":{"start":{"line":71,"column":35},"end":{"line":77,"column":5}},"line":71},"11":{"name":"(anonymous_11)","decl":{"start":{"line":82,"column":51},"end":{"line":82,"column":52}},"loc":{"start":{"line":82,"column":55},"end":{"line":82,"column":74}},"line":82},"12":{"name":"(anonymous_12)","decl":{"start":{"line":83,"column":52},"end":{"line":83,"column":53}},"loc":{"start":{"line":83,"column":56},"end":{"line":83,"column":76}},"line":83},"13":{"name":"(anonymous_13)","decl":{"start":{"line":84,"column":52},"end":{"line":84,"column":53}},"loc":{"start":{"line":84,"column":56},"end":{"line":84,"column":76}},"line":84},"14":{"name":"(anonymous_14)","decl":{"start":{"line":89,"column":36},"end":{"line":89,"column":37}},"loc":{"start":{"line":90,"column":20},"end":{"line":90,"column":81}},"line":90}},"branchMap":{"0":{"loc":{"start":{"line":33,"column":8},"end":{"line":36,"column":9}},"type":"if","locations":[{"start":{"line":33,"column":8},"end":{"line":36,"column":9}},{"start":{"line":33,"column":8},"end":{"line":36,"column":9}}],"line":33},"1":{"loc":{"start":{"line":45,"column":8},"end":{"line":47,"column":9}},"type":"if","locations":[{"start":{"line":45,"column":8},"end":{"line":47,"column":9}},{"start":{"line":45,"column":8},"end":{"line":47,"column":9}}],"line":45},"2":{"loc":{"start":{"line":57,"column":8},"end":{"line":62,"column":9}},"type":"if","locations":[{"start":{"line":57,"column":8},"end":{"line":62,"column":9}},{"start":{"line":57,"column":8},"end":{"line":62,"column":9}}],"line":57},"3":{"loc":{"start":{"line":66,"column":8},"end":{"line":68,"column":9}},"type":"if","locations":[{"start":{"line":66,"column":8},"end":{"line":68,"column":9}},{"start":{"line":66,"column":8},"end":{"line":68,"column":9}}],"line":66},"4":{"loc":{"start":{"line":73,"column":8},"end":{"line":75,"column":9}},"type":"if","locations":[{"start":{"line":73,"column":8},"end":{"line":75,"column":9}},{"start":{"line":73,"column":8},"end":{"line":75,"column":9}}],"line":73},"5":{"loc":{"start":{"line":82,"column":15},"end":{"line":82,"column":88}},"type":"binary-expr","locations":[{"start":{"line":82,"column":15},"end":{"line":82,"column":30}},{"start":{"line":82,"column":34},"end":{"line":82,"column":88}}],"line":82},"6":{"loc":{"start":{"line":83,"column":15},"end":{"line":83,"column":91}},"type":"binary-expr","locations":[{"start":{"line":83,"column":15},"end":{"line":83,"column":31}},{"start":{"line":83,"column":35},"end":{"line":83,"column":91}}],"line":83},"7":{"loc":{"start":{"line":84,"column":15},"end":{"line":84,"column":91}},"type":"binary-expr","locations":[{"start":{"line":84,"column":15},"end":{"line":84,"column":31}},{"start":{"line":84,"column":35},"end":{"line":84,"column":91}}],"line":84},"8":{"loc":{"start":{"line":86,"column":11},"end":{"line":86,"column":125}},"type":"binary-expr","locations":[{"start":{"line":86,"column":11},"end":{"line":86,"column":27}},{"start":{"line":86,"column":31},"end":{"line":86,"column":125}}],"line":86},"9":{"loc":{"start":{"line":87,"column":11},"end":{"line":92,"column":18}},"type":"binary-expr","locations":[{"start":{"line":87,"column":11},"end":{"line":87,"column":27}},{"start":{"line":88,"column":12},"end":{"line":92,"column":18}}],"line":87}},"s":{"0":2,"1":2,"2":2,"3":0,"4":0,"5":2,"6":2,"7":0,"8":2,"9":0,"10":0,"11":0,"12":2,"13":0,"14":0,"15":0,"16":0,"17":0,"18":0,"19":0,"20":0,"21":0,"22":0,"23":0,"24":0,"25":0,"26":2,"27":2,"28":0,"29":2,"30":2,"31":0,"32":0,"33":0,"34":0},"f":{"0":0,"1":0,"2":2,"3":0,"4":0,"5":0,"6":0,"7":0,"8":0,"9":0,"10":2,"11":0,"12":0,"13":0,"14":0},"b":{"0":[0,0],"1":[0,0],"2":[0,0],"3":[0,0],"4":[0,2],"5":[2,2],"6":[2,2],"7":[2,0],"8":[2,2],"9":[2,0]},"_coverageSchema":"43e27e138ebf9cfc5966b082cf9a028302ed4184","hash":"2d071b250e12f0d33e749a65ac913c735483199a"}
,"/Users/mstellinga/projects/starfield-generator/src/generator/generator.js": {"path":"/Users/mstellinga/projects/starfield-generator/src/generator/generator.js","statementMap":{"0":{"start":{"line":1,"column":28},"end":{"line":1,"column":29}},"1":{"start":{"line":2,"column":29},"end":{"line":2,"column":30}},"2":{"start":{"line":3,"column":30},"end":{"line":3,"column":31}},"3":{"start":{"line":14,"column":19},"end":{"line":14,"column":21}},"4":{"start":{"line":16,"column":19},"end":{"line":16,"column":20}},"5":{"start":{"line":17,"column":22},"end":{"line":17,"column":23}},"6":{"start":{"line":18,"column":16},"end":{"line":18,"column":19}},"7":{"start":{"line":21,"column":2},"end":{"line":21,"column":20}},"8":{"start":{"line":22,"column":2},"end":{"line":22,"column":20}},"9":{"start":{"line":23,"column":2},"end":{"line":25,"column":3}},"10":{"start":{"line":24,"column":4},"end":{"line":24,"column":11}},"11":{"start":{"line":27,"column":12},"end":{"line":27,"column":42}},"12":{"start":{"line":28,"column":2},"end":{"line":28,"column":32}},"13":{"start":{"line":29,"column":2},"end":{"line":29,"column":36}},"14":{"start":{"line":30,"column":2},"end":{"line":30,"column":36}},"15":{"start":{"line":34,"column":2},"end":{"line":39,"column":3}},"16":{"start":{"line":35,"column":4},"end":{"line":35,"column":27}},"17":{"start":{"line":36,"column":4},"end":{"line":36,"column":27}},"18":{"start":{"line":37,"column":4},"end":{"line":37,"column":27}},"19":{"start":{"line":38,"column":4},"end":{"line":38,"column":11}},"20":{"start":{"line":41,"column":12},"end":{"line":41,"column":42}},"21":{"start":{"line":42,"column":2},"end":{"line":42,"column":26}},"22":{"start":{"line":43,"column":2},"end":{"line":43,"column":28}},"23":{"start":{"line":44,"column":2},"end":{"line":44,"column":28}},"24":{"start":{"line":48,"column":18},"end":{"line":48,"column":42}},"25":{"start":{"line":49,"column":2},"end":{"line":68,"column":3}},"26":{"start":{"line":49,"column":12},"end":{"line":49,"column":13}},"27":{"start":{"line":50,"column":4},"end":{"line":67,"column":5}},"28":{"start":{"line":50,"column":14},"end":{"line":50,"column":15}},"29":{"start":{"line":51,"column":20},"end":{"line":51,"column":33}},"30":{"start":{"line":52,"column":6},"end":{"line":52,"column":47}},"31":{"start":{"line":53,"column":16},"end":{"line":53,"column":62}},"32":{"start":{"line":54,"column":6},"end":{"line":54,"column":46}},"33":{"start":{"line":55,"column":6},"end":{"line":55,"column":44}},"34":{"start":{"line":56,"column":6},"end":{"line":56,"column":46}},"35":{"start":{"line":57,"column":6},"end":{"line":57,"column":44}},"36":{"start":{"line":58,"column":6},"end":{"line":58,"column":44}},"37":{"start":{"line":59,"column":6},"end":{"line":59,"column":46}},"38":{"start":{"line":60,"column":6},"end":{"line":60,"column":44}},"39":{"start":{"line":61,"column":6},"end":{"line":61,"column":46}},"40":{"start":{"line":63,"column":16},"end":{"line":63,"column":46}},"41":{"start":{"line":64,"column":6},"end":{"line":64,"column":32}},"42":{"start":{"line":65,"column":6},"end":{"line":65,"column":34}},"43":{"start":{"line":66,"column":6},"end":{"line":66,"column":34}},"44":{"start":{"line":69,"column":2},"end":{"line":71,"column":3}},"45":{"start":{"line":69,"column":12},"end":{"line":69,"column":13}},"46":{"start":{"line":70,"column":4},"end":{"line":70,"column":29}},"47":{"start":{"line":75,"column":18},"end":{"line":75,"column":66}},"48":{"start":{"line":76,"column":10},"end":{"line":76,"column":11}},"49":{"start":{"line":77,"column":2},"end":{"line":93,"column":3}},"50":{"start":{"line":77,"column":12},"end":{"line":77,"column":13}},"51":{"start":{"line":78,"column":15},"end":{"line":78,"column":62}},"52":{"start":{"line":79,"column":4},"end":{"line":79,"column":75}},"53":{"start":{"line":80,"column":4},"end":{"line":80,"column":78}},"54":{"start":{"line":81,"column":15},"end":{"line":81,"column":66}},"55":{"start":{"line":82,"column":4},"end":{"line":82,"column":79}},"56":{"start":{"line":83,"column":4},"end":{"line":83,"column":82}},"57":{"start":{"line":84,"column":15},"end":{"line":84,"column":66}},"58":{"start":{"line":85,"column":4},"end":{"line":85,"column":79}},"59":{"start":{"line":86,"column":4},"end":{"line":86,"column":82}},"60":{"start":{"line":88,"column":4},"end":{"line":88,"column":60}},"61":{"start":{"line":89,"column":4},"end":{"line":89,"column":62}},"62":{"start":{"line":90,"column":4},"end":{"line":90,"column":62}},"63":{"start":{"line":91,"column":4},"end":{"line":91,"column":30}},"64":{"start":{"line":92,"column":4},"end":{"line":92,"column":9}},"65":{"start":{"line":94,"column":2},"end":{"line":94,"column":38}},"66":{"start":{"line":98,"column":2},"end":{"line":103,"column":3}},"67":{"start":{"line":99,"column":4},"end":{"line":102,"column":6}},"68":{"start":{"line":104,"column":12},"end":{"line":104,"column":84}},"69":{"start":{"line":105,"column":17},"end":{"line":105,"column":70}},"70":{"start":{"line":106,"column":14},"end":{"line":106,"column":41}},"71":{"start":{"line":107,"column":2},"end":{"line":110,"column":4}},"72":{"start":{"line":114,"column":12},"end":{"line":114,"column":47}},"73":{"start":{"line":115,"column":19},"end":{"line":115,"column":32}},"74":{"start":{"line":116,"column":11},"end":{"line":116,"column":41}},"75":{"start":{"line":117,"column":11},"end":{"line":117,"column":41}},"76":{"start":{"line":118,"column":11},"end":{"line":118,"column":41}},"77":{"start":{"line":119,"column":11},"end":{"line":119,"column":15}},"78":{"start":{"line":119,"column":20},"end":{"line":119,"column":24}},"79":{"start":{"line":119,"column":29},"end":{"line":119,"column":33}},"80":{"start":{"line":120,"column":11},"end":{"line":120,"column":15}},"81":{"start":{"line":120,"column":20},"end":{"line":120,"column":24}},"82":{"start":{"line":120,"column":29},"end":{"line":120,"column":33}},"83":{"start":{"line":121,"column":2},"end":{"line":121,"column":49}},"84":{"start":{"line":122,"column":2},"end":{"line":152,"column":3}},"85":{"start":{"line":123,"column":4},"end":{"line":123,"column":48}},"86":{"start":{"line":124,"column":4},"end":{"line":124,"column":48}},"87":{"start":{"line":125,"column":4},"end":{"line":125,"column":48}},"88":{"start":{"line":126,"column":4},"end":{"line":126,"column":48}},"89":{"start":{"line":127,"column":4},"end":{"line":127,"column":50}},"90":{"start":{"line":128,"column":4},"end":{"line":128,"column":50}},"91":{"start":{"line":129,"column":4},"end":{"line":129,"column":50}},"92":{"start":{"line":130,"column":4},"end":{"line":130,"column":50}},"93":{"start":{"line":131,"column":9},"end":{"line":152,"column":3}},"94":{"start":{"line":132,"column":4},"end":{"line":132,"column":48}},"95":{"start":{"line":133,"column":4},"end":{"line":133,"column":48}},"96":{"start":{"line":134,"column":4},"end":{"line":134,"column":48}},"97":{"start":{"line":135,"column":4},"end":{"line":135,"column":48}},"98":{"start":{"line":136,"column":4},"end":{"line":136,"column":48}},"99":{"start":{"line":137,"column":4},"end":{"line":137,"column":48}},"100":{"start":{"line":138,"column":4},"end":{"line":138,"column":48}},"101":{"start":{"line":139,"column":4},"end":{"line":139,"column":48}},"102":{"start":{"line":140,"column":4},"end":{"line":140,"column":50}},"103":{"start":{"line":141,"column":4},"end":{"line":141,"column":50}},"104":{"start":{"line":142,"column":4},"end":{"line":142,"column":50}},"105":{"start":{"line":143,"column":4},"end":{"line":143,"column":50}},"106":{"start":{"line":144,"column":4},"end":{"line":144,"column":50}},"107":{"start":{"line":145,"column":4},"end":{"line":145,"column":50}},"108":{"start":{"line":146,"column":4},"end":{"line":146,"column":50}},"109":{"start":{"line":147,"column":4},"end":{"line":147,"column":50}},"110":{"start":{"line":148,"column":4},"end":{"line":148,"column":50}},"111":{"start":{"line":149,"column":4},"end":{"line":149,"column":50}},"112":{"start":{"line":150,"column":4},"end":{"line":150,"column":50}},"113":{"start":{"line":151,"column":4},"end":{"line":151,"column":50}},"114":{"start":{"line":156,"column":15},"end":{"line":156,"column":50}},"115":{"start":{"line":157,"column":13},"end":{"line":157,"column":121}},"116":{"start":{"line":158,"column":19},"end":{"line":158,"column":145}},"117":{"start":{"line":159,"column":2},"end":{"line":163,"column":3}},"118":{"start":{"line":160,"column":14},"end":{"line":160,"column":18}},"119":{"start":{"line":161,"column":4},"end":{"line":161,"column":22}},"120":{"start":{"line":162,"column":4},"end":{"line":162,"column":21}},"121":{"start":{"line":164,"column":14},"end":{"line":164,"column":27}},"122":{"start":{"line":165,"column":14},"end":{"line":165,"column":15}},"123":{"start":{"line":166,"column":12},"end":{"line":166,"column":14}},"124":{"start":{"line":167,"column":2},"end":{"line":172,"column":3}},"125":{"start":{"line":167,"column":12},"end":{"line":167,"column":13}},"126":{"start":{"line":168,"column":14},"end":{"line":168,"column":104}},"127":{"start":{"line":170,"column":4},"end":{"line":170,"column":50}},"128":{"start":{"line":171,"column":4},"end":{"line":171,"column":17}},"129":{"start":{"line":173,"column":2},"end":{"line":180,"column":3}},"130":{"start":{"line":173,"column":12},"end":{"line":173,"column":13}},"131":{"start":{"line":174,"column":16},"end":{"line":174,"column":36}},"132":{"start":{"line":175,"column":16},"end":{"line":175,"column":59}},"133":{"start":{"line":176,"column":4},"end":{"line":176,"column":48}},"134":{"start":{"line":177,"column":4},"end":{"line":177,"column":48}},"135":{"start":{"line":178,"column":4},"end":{"line":178,"column":48}},"136":{"start":{"line":183,"column":24},"end":{"line":183,"column":134}},"137":{"start":{"line":184,"column":17},"end":{"line":184,"column":61}},"138":{"start":{"line":185,"column":2},"end":{"line":185,"column":31}},"139":{"start":{"line":186,"column":2},"end":{"line":186,"column":31}},"140":{"start":{"line":187,"column":2},"end":{"line":187,"column":31}},"141":{"start":{"line":189,"column":2},"end":{"line":189,"column":73}},"142":{"start":{"line":193,"column":2},"end":{"line":195,"column":3}},"143":{"start":{"line":194,"column":4},"end":{"line":194,"column":11}},"144":{"start":{"line":196,"column":2},"end":{"line":196,"column":55}},"145":{"start":{"line":197,"column":14},"end":{"line":197,"column":57}},"146":{"start":{"line":198,"column":2},"end":{"line":200,"column":3}},"147":{"start":{"line":198,"column":12},"end":{"line":198,"column":13}},"148":{"start":{"line":199,"column":4},"end":{"line":199,"column":51}},"149":{"start":{"line":202,"column":2},"end":{"line":208,"column":3}},"150":{"start":{"line":203,"column":4},"end":{"line":203,"column":95}},"151":{"start":{"line":204,"column":9},"end":{"line":208,"column":3}},"152":{"start":{"line":205,"column":4},"end":{"line":205,"column":65}},"153":{"start":{"line":207,"column":4},"end":{"line":207,"column":91}},"154":{"start":{"line":209,"column":14},"end":{"line":213,"column":3}},"155":{"start":{"line":214,"column":2},"end":{"line":220,"column":4}},"156":{"start":{"line":224,"column":31},"end":{"line":224,"column":102}},"157":{"start":{"line":225,"column":2},"end":{"line":241,"column":3}},"158":{"start":{"line":226,"column":17},"end":{"line":230,"column":5}},"159":{"start":{"line":231,"column":4},"end":{"line":240,"column":5}},"160":{"start":{"line":231,"column":14},"end":{"line":231,"column":15}},"161":{"start":{"line":232,"column":6},"end":{"line":239,"column":7}},"162":{"start":{"line":233,"column":8},"end":{"line":238,"column":10}},"163":{"start":{"line":245,"column":13},"end":{"line":245,"column":31}},"164":{"start":{"line":246,"column":2},"end":{"line":248,"column":3}},"165":{"start":{"line":247,"column":4},"end":{"line":247,"column":55}},"166":{"start":{"line":254,"column":13},"end":{"line":254,"column":56}},"167":{"start":{"line":255,"column":13},"end":{"line":255,"column":65}},"168":{"start":{"line":256,"column":13},"end":{"line":256,"column":55}},"169":{"start":{"line":257,"column":13},"end":{"line":257,"column":66}},"170":{"start":{"line":260,"column":25},"end":{"line":260,"column":27}},"171":{"start":{"line":261,"column":2},"end":{"line":263,"column":3}},"172":{"start":{"line":261,"column":12},"end":{"line":261,"column":13}},"173":{"start":{"line":262,"column":4},"end":{"line":262,"column":51}},"174":{"start":{"line":265,"column":20},"end":{"line":265,"column":43}},"175":{"start":{"line":266,"column":2},"end":{"line":268,"column":3}},"176":{"start":{"line":266,"column":12},"end":{"line":266,"column":13}},"177":{"start":{"line":267,"column":4},"end":{"line":267,"column":40}},"178":{"start":{"line":270,"column":2},"end":{"line":301,"column":3}},"179":{"start":{"line":270,"column":12},"end":{"line":270,"column":16}},"180":{"start":{"line":271,"column":4},"end":{"line":300,"column":5}},"181":{"start":{"line":271,"column":14},"end":{"line":271,"column":18}},"182":{"start":{"line":272,"column":18},"end":{"line":272,"column":77}},"183":{"start":{"line":273,"column":21},"end":{"line":273,"column":38}},"184":{"start":{"line":274,"column":22},"end":{"line":274,"column":85}},"185":{"start":{"line":275,"column":6},"end":{"line":275,"column":54}},"186":{"start":{"line":276,"column":25},"end":{"line":276,"column":81}},"187":{"start":{"line":277,"column":20},"end":{"line":277,"column":80}},"188":{"start":{"line":278,"column":6},"end":{"line":280,"column":7}},"189":{"start":{"line":279,"column":8},"end":{"line":279,"column":17}},"190":{"start":{"line":281,"column":23},"end":{"line":281,"column":42}},"191":{"start":{"line":282,"column":21},"end":{"line":282,"column":97}},"192":{"start":{"line":283,"column":29},"end":{"line":287,"column":7}},"193":{"start":{"line":289,"column":6},"end":{"line":297,"column":7}},"194":{"start":{"line":289,"column":16},"end":{"line":289,"column":17}},"195":{"start":{"line":290,"column":8},"end":{"line":296,"column":9}},"196":{"start":{"line":291,"column":10},"end":{"line":295,"column":11}},"197":{"start":{"line":292,"column":12},"end":{"line":292,"column":33}},"198":{"start":{"line":293,"column":12},"end":{"line":293,"column":33}},"199":{"start":{"line":294,"column":12},"end":{"line":294,"column":47}},"200":{"start":{"line":299,"column":6},"end":{"line":299,"column":90}},"201":{"start":{"line":302,"column":2},"end":{"line":302,"column":21}},"202":{"start":{"line":307,"column":2},"end":{"line":315,"column":3}},"203":{"start":{"line":308,"column":18},"end":{"line":308,"column":57}},"204":{"start":{"line":309,"column":4},"end":{"line":309,"column":104}},"205":{"start":{"line":310,"column":9},"end":{"line":315,"column":3}},"206":{"start":{"line":311,"column":18},"end":{"line":311,"column":57}},"207":{"start":{"line":312,"column":4},"end":{"line":312,"column":104}},"208":{"start":{"line":314,"column":4},"end":{"line":314,"column":40}},"209":{"start":{"line":316,"column":2},"end":{"line":316,"column":16}},"210":{"start":{"line":320,"column":2},"end":{"line":327,"column":3}},"211":{"start":{"line":321,"column":4},"end":{"line":321,"column":44}},"212":{"start":{"line":322,"column":9},"end":{"line":327,"column":3}},"213":{"start":{"line":323,"column":4},"end":{"line":325,"column":5}},"214":{"start":{"line":324,"column":6},"end":{"line":324,"column":132}},"215":{"start":{"line":326,"column":4},"end":{"line":326,"column":13}},"216":{"start":{"line":328,"column":2},"end":{"line":328,"column":121}},"217":{"start":{"line":332,"column":15},"end":{"line":332,"column":16}},"218":{"start":{"line":333,"column":2},"end":{"line":335,"column":3}},"219":{"start":{"line":333,"column":12},"end":{"line":333,"column":13}},"220":{"start":{"line":334,"column":4},"end":{"line":334,"column":49}},"221":{"start":{"line":336,"column":2},"end":{"line":336,"column":16}},"222":{"start":{"line":340,"column":15},"end":{"line":340,"column":16}},"223":{"start":{"line":341,"column":2},"end":{"line":343,"column":3}},"224":{"start":{"line":341,"column":12},"end":{"line":341,"column":13}},"225":{"start":{"line":342,"column":4},"end":{"line":342,"column":40}},"226":{"start":{"line":344,"column":2},"end":{"line":344,"column":16}},"227":{"start":{"line":348,"column":14},"end":{"line":348,"column":38}},"228":{"start":{"line":349,"column":13},"end":{"line":349,"column":27}},"229":{"start":{"line":350,"column":2},"end":{"line":350,"column":28}},"230":{"start":{"line":354,"column":2},"end":{"line":356,"column":3}},"231":{"start":{"line":354,"column":12},"end":{"line":354,"column":13}},"232":{"start":{"line":355,"column":4},"end":{"line":355,"column":34}},"233":{"start":{"line":357,"column":2},"end":{"line":357,"column":20}},"234":{"start":{"line":361,"column":12},"end":{"line":361,"column":22}},"235":{"start":{"line":362,"column":16},"end":{"line":362,"column":121}},"236":{"start":{"line":363,"column":2},"end":{"line":381,"column":3}},"237":{"start":{"line":363,"column":12},"end":{"line":363,"column":13}},"238":{"start":{"line":364,"column":4},"end":{"line":378,"column":5}},"239":{"start":{"line":365,"column":6},"end":{"line":365,"column":37}},"240":{"start":{"line":366,"column":11},"end":{"line":378,"column":5}},"241":{"start":{"line":367,"column":6},"end":{"line":367,"column":24}},"242":{"start":{"line":369,"column":21},"end":{"line":369,"column":22}},"243":{"start":{"line":370,"column":6},"end":{"line":376,"column":7}},"244":{"start":{"line":371,"column":8},"end":{"line":375,"column":9}},"245":{"start":{"line":372,"column":10},"end":{"line":372,"column":23}},"246":{"start":{"line":374,"column":10},"end":{"line":374,"column":23}},"247":{"start":{"line":377,"column":6},"end":{"line":377,"column":48}},"248":{"start":{"line":379,"column":4},"end":{"line":379,"column":34}},"249":{"start":{"line":380,"column":4},"end":{"line":380,"column":120}},"250":{"start":{"line":382,"column":2},"end":{"line":382,"column":17}},"251":{"start":{"line":386,"column":2},"end":{"line":396,"column":3}},"252":{"start":{"line":387,"column":4},"end":{"line":389,"column":5}},"253":{"start":{"line":388,"column":6},"end":{"line":388,"column":31}},"254":{"start":{"line":390,"column":9},"end":{"line":396,"column":3}},"255":{"start":{"line":391,"column":4},"end":{"line":393,"column":5}},"256":{"start":{"line":392,"column":6},"end":{"line":392,"column":32}},"257":{"start":{"line":394,"column":9},"end":{"line":396,"column":3}},"258":{"start":{"line":395,"column":4},"end":{"line":395,"column":27}},"259":{"start":{"line":400,"column":2},"end":{"line":400,"column":21}},"260":{"start":{"line":401,"column":2},"end":{"line":401,"column":23}},"261":{"start":{"line":402,"column":2},"end":{"line":402,"column":28}},"262":{"start":{"line":403,"column":2},"end":{"line":403,"column":32}},"263":{"start":{"line":405,"column":2},"end":{"line":405,"column":19}},"264":{"start":{"line":406,"column":2},"end":{"line":406,"column":19}},"265":{"start":{"line":407,"column":2},"end":{"line":409,"column":3}},"266":{"start":{"line":407,"column":12},"end":{"line":407,"column":13}},"267":{"start":{"line":408,"column":4},"end":{"line":408,"column":44}},"268":{"start":{"line":410,"column":2},"end":{"line":410,"column":44}},"269":{"start":{"line":411,"column":2},"end":{"line":429,"column":3}},"270":{"start":{"line":412,"column":4},"end":{"line":412,"column":45}},"271":{"start":{"line":413,"column":4},"end":{"line":415,"column":5}},"272":{"start":{"line":413,"column":14},"end":{"line":413,"column":15}},"273":{"start":{"line":414,"column":6},"end":{"line":414,"column":24}},"274":{"start":{"line":416,"column":9},"end":{"line":429,"column":3}},"275":{"start":{"line":417,"column":4},"end":{"line":417,"column":46}},"276":{"start":{"line":418,"column":4},"end":{"line":420,"column":5}},"277":{"start":{"line":418,"column":14},"end":{"line":418,"column":15}},"278":{"start":{"line":419,"column":6},"end":{"line":419,"column":25}},"279":{"start":{"line":421,"column":4},"end":{"line":423,"column":5}},"280":{"start":{"line":421,"column":14},"end":{"line":421,"column":15}},"281":{"start":{"line":422,"column":6},"end":{"line":422,"column":23}},"282":{"start":{"line":425,"column":4},"end":{"line":425,"column":43}},"283":{"start":{"line":426,"column":4},"end":{"line":428,"column":5}},"284":{"start":{"line":426,"column":14},"end":{"line":426,"column":15}},"285":{"start":{"line":427,"column":6},"end":{"line":427,"column":22}}},"fnMap":{"0":{"name":"setPixel","decl":{"start":{"line":20,"column":9},"end":{"line":20,"column":17}},"loc":{"start":{"line":20,"column":41},"end":{"line":31,"column":1}},"line":20},"1":{"name":"fillPixel","decl":{"start":{"line":33,"column":9},"end":{"line":33,"column":18}},"loc":{"start":{"line":33,"column":51},"end":{"line":45,"column":1}},"line":33},"2":{"name":"blurPixels","decl":{"start":{"line":47,"column":9},"end":{"line":47,"column":19}},"loc":{"start":{"line":47,"column":28},"end":{"line":72,"column":1}},"line":47},"3":{"name":"paint","decl":{"start":{"line":74,"column":16},"end":{"line":74,"column":21}},"loc":{"start":{"line":74,"column":30},"end":{"line":95,"column":1}},"line":74},"4":{"name":"generateClusterLocation","decl":{"start":{"line":97,"column":9},"end":{"line":97,"column":32}},"loc":{"start":{"line":97,"column":44},"end":{"line":111,"column":1}},"line":97},"5":{"name":"createStar","decl":{"start":{"line":113,"column":9},"end":{"line":113,"column":19}},"loc":{"start":{"line":113,"column":42},"end":{"line":153,"column":1}},"line":113},"6":{"name":"createNebulaBubble","decl":{"start":{"line":155,"column":9},"end":{"line":155,"column":27}},"loc":{"start":{"line":155,"column":40},"end":{"line":190,"column":1}},"line":155},"7":{"name":"createFractal","decl":{"start":{"line":192,"column":9},"end":{"line":192,"column":22}},"loc":{"start":{"line":192,"column":34},"end":{"line":221,"column":1}},"line":192},"8":{"name":"drawFractal","decl":{"start":{"line":223,"column":9},"end":{"line":223,"column":20}},"loc":{"start":{"line":223,"column":40},"end":{"line":242,"column":1}},"line":223},"9":{"name":"nextFractalItem","decl":{"start":{"line":244,"column":9},"end":{"line":244,"column":24}},"loc":{"start":{"line":244,"column":27},"end":{"line":249,"column":1}},"line":244},"10":{"name":"drawBubble","decl":{"start":{"line":251,"column":9},"end":{"line":251,"column":19}},"loc":{"start":{"line":251,"column":85},"end":{"line":303,"column":1}},"line":251},"11":{"name":"determineSizeModifier","decl":{"start":{"line":305,"column":9},"end":{"line":305,"column":30}},"loc":{"start":{"line":305,"column":70},"end":{"line":317,"column":1}},"line":305},"12":{"name":"getClusterTotalToGenerate","decl":{"start":{"line":319,"column":9},"end":{"line":319,"column":34}},"loc":{"start":{"line":319,"column":52},"end":{"line":329,"column":1}},"line":319},"13":{"name":"getTotalToGenerate","decl":{"start":{"line":331,"column":9},"end":{"line":331,"column":27}},"loc":{"start":{"line":331,"column":33},"end":{"line":337,"column":1}},"line":331},"14":{"name":"getGenerated","decl":{"start":{"line":339,"column":9},"end":{"line":339,"column":21}},"loc":{"start":{"line":339,"column":23},"end":{"line":345,"column":1}},"line":339},"15":{"name":"getProgress","decl":{"start":{"line":347,"column":16},"end":{"line":347,"column":27}},"loc":{"start":{"line":347,"column":33},"end":{"line":351,"column":1}},"line":347},"16":{"name":"resetGenerated","decl":{"start":{"line":353,"column":9},"end":{"line":353,"column":23}},"loc":{"start":{"line":353,"column":25},"end":{"line":358,"column":1}},"line":353},"17":{"name":"generate","decl":{"start":{"line":360,"column":16},"end":{"line":360,"column":24}},"loc":{"start":{"line":360,"column":50},"end":{"line":383,"column":1}},"line":360},"18":{"name":"applyBlur","decl":{"start":{"line":385,"column":16},"end":{"line":385,"column":25}},"loc":{"start":{"line":385,"column":32},"end":{"line":397,"column":1}},"line":385},"19":{"name":"prepareGenerate","decl":{"start":{"line":399,"column":16},"end":{"line":399,"column":31}},"loc":{"start":{"line":399,"column":84},"end":{"line":430,"column":1}},"line":399}},"branchMap":{"0":{"loc":{"start":{"line":23,"column":2},"end":{"line":25,"column":3}},"type":"if","locations":[{"start":{"line":23,"column":2},"end":{"line":25,"column":3}},{"start":{"line":23,"column":2},"end":{"line":25,"column":3}}],"line":23},"1":{"loc":{"start":{"line":23,"column":5},"end":{"line":23,"column":54}},"type":"binary-expr","locations":[{"start":{"line":23,"column":5},"end":{"line":23,"column":8}},{"start":{"line":23,"column":12},"end":{"line":23,"column":27}},{"start":{"line":23,"column":31},"end":{"line":23,"column":34}},{"start":{"line":23,"column":38},"end":{"line":23,"column":54}}],"line":23},"2":{"loc":{"start":{"line":34,"column":2},"end":{"line":39,"column":3}},"type":"if","locations":[{"start":{"line":34,"column":2},"end":{"line":39,"column":3}},{"start":{"line":34,"column":2},"end":{"line":39,"column":3}}],"line":34},"3":{"loc":{"start":{"line":34,"column":5},"end":{"line":34,"column":54}},"type":"binary-expr","locations":[{"start":{"line":34,"column":5},"end":{"line":34,"column":8}},{"start":{"line":34,"column":12},"end":{"line":34,"column":27}},{"start":{"line":34,"column":31},"end":{"line":34,"column":34}},{"start":{"line":34,"column":38},"end":{"line":34,"column":54}}],"line":34},"4":{"loc":{"start":{"line":78,"column":15},"end":{"line":78,"column":62}},"type":"cond-expr","locations":[{"start":{"line":78,"column":45},"end":{"line":78,"column":58}},{"start":{"line":78,"column":61},"end":{"line":78,"column":62}}],"line":78},"5":{"loc":{"start":{"line":78,"column":15},"end":{"line":78,"column":42}},"type":"binary-expr","locations":[{"start":{"line":78,"column":15},"end":{"line":78,"column":25}},{"start":{"line":78,"column":29},"end":{"line":78,"column":42}}],"line":78},"6":{"loc":{"start":{"line":79,"column":11},"end":{"line":79,"column":74}},"type":"cond-expr","locations":[{"start":{"line":79,"column":45},"end":{"line":79,"column":67}},{"start":{"line":79,"column":70},"end":{"line":79,"column":74}}],"line":79},"7":{"loc":{"start":{"line":79,"column":11},"end":{"line":79,"column":42}},"type":"binary-expr","locations":[{"start":{"line":79,"column":11},"end":{"line":79,"column":23}},{"start":{"line":79,"column":27},"end":{"line":79,"column":42}}],"line":79},"8":{"loc":{"start":{"line":80,"column":11},"end":{"line":80,"column":77}},"type":"cond-expr","locations":[{"start":{"line":80,"column":47},"end":{"line":80,"column":70}},{"start":{"line":80,"column":73},"end":{"line":80,"column":77}}],"line":80},"9":{"loc":{"start":{"line":80,"column":11},"end":{"line":80,"column":44}},"type":"binary-expr","locations":[{"start":{"line":80,"column":11},"end":{"line":80,"column":24}},{"start":{"line":80,"column":28},"end":{"line":80,"column":44}}],"line":80},"10":{"loc":{"start":{"line":81,"column":15},"end":{"line":81,"column":66}},"type":"cond-expr","locations":[{"start":{"line":81,"column":47},"end":{"line":81,"column":62}},{"start":{"line":81,"column":65},"end":{"line":81,"column":66}}],"line":81},"11":{"loc":{"start":{"line":81,"column":15},"end":{"line":81,"column":44}},"type":"binary-expr","locations":[{"start":{"line":81,"column":15},"end":{"line":81,"column":25}},{"start":{"line":81,"column":29},"end":{"line":81,"column":44}}],"line":81},"12":{"loc":{"start":{"line":82,"column":11},"end":{"line":82,"column":78}},"type":"cond-expr","locations":[{"start":{"line":82,"column":47},"end":{"line":82,"column":71}},{"start":{"line":82,"column":74},"end":{"line":82,"column":78}}],"line":82},"13":{"loc":{"start":{"line":82,"column":11},"end":{"line":82,"column":44}},"type":"binary-expr","locations":[{"start":{"line":82,"column":11},"end":{"line":82,"column":23}},{"start":{"line":82,"column":27},"end":{"line":82,"column":44}}],"line":82},"14":{"loc":{"start":{"line":83,"column":11},"end":{"line":83,"column":81}},"type":"cond-expr","locations":[{"start":{"line":83,"column":49},"end":{"line":83,"column":74}},{"start":{"line":83,"column":77},"end":{"line":83,"column":81}}],"line":83},"15":{"loc":{"start":{"line":83,"column":11},"end":{"line":83,"column":46}},"type":"binary-expr","locations":[{"start":{"line":83,"column":11},"end":{"line":83,"column":24}},{"start":{"line":83,"column":28},"end":{"line":83,"column":46}}],"line":83},"16":{"loc":{"start":{"line":84,"column":15},"end":{"line":84,"column":66}},"type":"cond-expr","locations":[{"start":{"line":84,"column":47},"end":{"line":84,"column":62}},{"start":{"line":84,"column":65},"end":{"line":84,"column":66}}],"line":84},"17":{"loc":{"start":{"line":84,"column":15},"end":{"line":84,"column":44}},"type":"binary-expr","locations":[{"start":{"line":84,"column":15},"end":{"line":84,"column":25}},{"start":{"line":84,"column":29},"end":{"line":84,"column":44}}],"line":84},"18":{"loc":{"start":{"line":85,"column":11},"end":{"line":85,"column":78}},"type":"cond-expr","locations":[{"start":{"line":85,"column":47},"end":{"line":85,"column":71}},{"start":{"line":85,"column":74},"end":{"line":85,"column":78}}],"line":85},"19":{"loc":{"start":{"line":85,"column":11},"end":{"line":85,"column":44}},"type":"binary-expr","locations":[{"start":{"line":85,"column":11},"end":{"line":85,"column":23}},{"start":{"line":85,"column":27},"end":{"line":85,"column":44}}],"line":85},"20":{"loc":{"start":{"line":86,"column":11},"end":{"line":86,"column":81}},"type":"cond-expr","locations":[{"start":{"line":86,"column":49},"end":{"line":86,"column":74}},{"start":{"line":86,"column":77},"end":{"line":86,"column":81}}],"line":86},"21":{"loc":{"start":{"line":86,"column":11},"end":{"line":86,"column":46}},"type":"binary-expr","locations":[{"start":{"line":86,"column":11},"end":{"line":86,"column":24}},{"start":{"line":86,"column":28},"end":{"line":86,"column":46}}],"line":86},"22":{"loc":{"start":{"line":88,"column":24},"end":{"line":88,"column":59}},"type":"cond-expr","locations":[{"start":{"line":88,"column":37},"end":{"line":88,"column":40}},{"start":{"line":88,"column":43},"end":{"line":88,"column":59}}],"line":88},"23":{"loc":{"start":{"line":89,"column":26},"end":{"line":89,"column":61}},"type":"cond-expr","locations":[{"start":{"line":89,"column":39},"end":{"line":89,"column":42}},{"start":{"line":89,"column":45},"end":{"line":89,"column":61}}],"line":89},"24":{"loc":{"start":{"line":90,"column":26},"end":{"line":90,"column":61}},"type":"cond-expr","locations":[{"start":{"line":90,"column":39},"end":{"line":90,"column":42}},{"start":{"line":90,"column":45},"end":{"line":90,"column":61}}],"line":90},"25":{"loc":{"start":{"line":98,"column":2},"end":{"line":103,"column":3}},"type":"if","locations":[{"start":{"line":98,"column":2},"end":{"line":103,"column":3}},{"start":{"line":98,"column":2},"end":{"line":103,"column":3}}],"line":98},"26":{"loc":{"start":{"line":122,"column":2},"end":{"line":152,"column":3}},"type":"if","locations":[{"start":{"line":122,"column":2},"end":{"line":152,"column":3}},{"start":{"line":122,"column":2},"end":{"line":152,"column":3}}],"line":122},"27":{"loc":{"start":{"line":131,"column":9},"end":{"line":152,"column":3}},"type":"if","locations":[{"start":{"line":131,"column":9},"end":{"line":152,"column":3}},{"start":{"line":131,"column":9},"end":{"line":152,"column":3}}],"line":131},"28":{"loc":{"start":{"line":159,"column":2},"end":{"line":163,"column":3}},"type":"if","locations":[{"start":{"line":159,"column":2},"end":{"line":163,"column":3}},{"start":{"line":159,"column":2},"end":{"line":163,"column":3}}],"line":159},"29":{"loc":{"start":{"line":193,"column":2},"end":{"line":195,"column":3}},"type":"if","locations":[{"start":{"line":193,"column":2},"end":{"line":195,"column":3}},{"start":{"line":193,"column":2},"end":{"line":195,"column":3}}],"line":193},"30":{"loc":{"start":{"line":202,"column":2},"end":{"line":208,"column":3}},"type":"if","locations":[{"start":{"line":202,"column":2},"end":{"line":208,"column":3}},{"start":{"line":202,"column":2},"end":{"line":208,"column":3}}],"line":202},"31":{"loc":{"start":{"line":204,"column":9},"end":{"line":208,"column":3}},"type":"if","locations":[{"start":{"line":204,"column":9},"end":{"line":208,"column":3}},{"start":{"line":204,"column":9},"end":{"line":208,"column":3}}],"line":204},"32":{"loc":{"start":{"line":225,"column":2},"end":{"line":241,"column":3}},"type":"if","locations":[{"start":{"line":225,"column":2},"end":{"line":241,"column":3}},{"start":{"line":225,"column":2},"end":{"line":241,"column":3}}],"line":225},"33":{"loc":{"start":{"line":232,"column":6},"end":{"line":239,"column":7}},"type":"if","locations":[{"start":{"line":232,"column":6},"end":{"line":239,"column":7}},{"start":{"line":232,"column":6},"end":{"line":239,"column":7}}],"line":232},"34":{"loc":{"start":{"line":232,"column":9},"end":{"line":232,"column":79}},"type":"binary-expr","locations":[{"start":{"line":232,"column":9},"end":{"line":232,"column":42}},{"start":{"line":232,"column":46},"end":{"line":232,"column":79}}],"line":232},"35":{"loc":{"start":{"line":246,"column":2},"end":{"line":248,"column":3}},"type":"if","locations":[{"start":{"line":246,"column":2},"end":{"line":248,"column":3}},{"start":{"line":246,"column":2},"end":{"line":248,"column":3}}],"line":246},"36":{"loc":{"start":{"line":274,"column":22},"end":{"line":274,"column":85}},"type":"cond-expr","locations":[{"start":{"line":274,"column":46},"end":{"line":274,"column":62}},{"start":{"line":274,"column":65},"end":{"line":274,"column":85}}],"line":274},"37":{"loc":{"start":{"line":275,"column":17},"end":{"line":275,"column":53}},"type":"cond-expr","locations":[{"start":{"line":275,"column":30},"end":{"line":275,"column":42}},{"start":{"line":275,"column":45},"end":{"line":275,"column":53}}],"line":275},"38":{"loc":{"start":{"line":278,"column":6},"end":{"line":280,"column":7}},"type":"if","locations":[{"start":{"line":278,"column":6},"end":{"line":280,"column":7}},{"start":{"line":278,"column":6},"end":{"line":280,"column":7}}],"line":278},"39":{"loc":{"start":{"line":282,"column":21},"end":{"line":282,"column":97}},"type":"cond-expr","locations":[{"start":{"line":282,"column":61},"end":{"line":282,"column":62}},{"start":{"line":282,"column":65},"end":{"line":282,"column":97}}],"line":282},"40":{"loc":{"start":{"line":290,"column":8},"end":{"line":296,"column":9}},"type":"if","locations":[{"start":{"line":290,"column":8},"end":{"line":296,"column":9}},{"start":{"line":290,"column":8},"end":{"line":296,"column":9}}],"line":290},"41":{"loc":{"start":{"line":291,"column":10},"end":{"line":295,"column":11}},"type":"if","locations":[{"start":{"line":291,"column":10},"end":{"line":295,"column":11}},{"start":{"line":291,"column":10},"end":{"line":295,"column":11}}],"line":291},"42":{"loc":{"start":{"line":291,"column":13},"end":{"line":291,"column":65}},"type":"binary-expr","locations":[{"start":{"line":291,"column":13},"end":{"line":291,"column":28}},{"start":{"line":291,"column":32},"end":{"line":291,"column":65}}],"line":291},"43":{"loc":{"start":{"line":307,"column":2},"end":{"line":315,"column":3}},"type":"if","locations":[{"start":{"line":307,"column":2},"end":{"line":315,"column":3}},{"start":{"line":307,"column":2},"end":{"line":315,"column":3}}],"line":307},"44":{"loc":{"start":{"line":308,"column":18},"end":{"line":308,"column":57}},"type":"cond-expr","locations":[{"start":{"line":308,"column":39},"end":{"line":308,"column":40}},{"start":{"line":308,"column":44},"end":{"line":308,"column":56}}],"line":308},"45":{"loc":{"start":{"line":310,"column":9},"end":{"line":315,"column":3}},"type":"if","locations":[{"start":{"line":310,"column":9},"end":{"line":315,"column":3}},{"start":{"line":310,"column":9},"end":{"line":315,"column":3}}],"line":310},"46":{"loc":{"start":{"line":311,"column":18},"end":{"line":311,"column":57}},"type":"cond-expr","locations":[{"start":{"line":311,"column":39},"end":{"line":311,"column":40}},{"start":{"line":311,"column":44},"end":{"line":311,"column":56}}],"line":311},"47":{"loc":{"start":{"line":320,"column":2},"end":{"line":327,"column":3}},"type":"if","locations":[{"start":{"line":320,"column":2},"end":{"line":327,"column":3}},{"start":{"line":320,"column":2},"end":{"line":327,"column":3}}],"line":320},"48":{"loc":{"start":{"line":322,"column":9},"end":{"line":327,"column":3}},"type":"if","locations":[{"start":{"line":322,"column":9},"end":{"line":327,"column":3}},{"start":{"line":322,"column":9},"end":{"line":327,"column":3}}],"line":322},"49":{"loc":{"start":{"line":323,"column":4},"end":{"line":325,"column":5}},"type":"if","locations":[{"start":{"line":323,"column":4},"end":{"line":325,"column":5}},{"start":{"line":323,"column":4},"end":{"line":325,"column":5}}],"line":323},"50":{"loc":{"start":{"line":362,"column":16},"end":{"line":362,"column":121}},"type":"binary-expr","locations":[{"start":{"line":362,"column":17},"end":{"line":362,"column":40}},{"start":{"line":362,"column":47},"end":{"line":362,"column":120}}],"line":362},"51":{"loc":{"start":{"line":363,"column":15},"end":{"line":363,"column":36}},"type":"binary-expr","locations":[{"start":{"line":363,"column":15},"end":{"line":363,"column":25}},{"start":{"line":363,"column":29},"end":{"line":363,"column":36}}],"line":363},"52":{"loc":{"start":{"line":364,"column":4},"end":{"line":378,"column":5}},"type":"if","locations":[{"start":{"line":364,"column":4},"end":{"line":378,"column":5}},{"start":{"line":364,"column":4},"end":{"line":378,"column":5}}],"line":364},"53":{"loc":{"start":{"line":366,"column":11},"end":{"line":378,"column":5}},"type":"if","locations":[{"start":{"line":366,"column":11},"end":{"line":378,"column":5}},{"start":{"line":366,"column":11},"end":{"line":378,"column":5}}],"line":366},"54":{"loc":{"start":{"line":370,"column":6},"end":{"line":376,"column":7}},"type":"if","locations":[{"start":{"line":370,"column":6},"end":{"line":376,"column":7}},{"start":{"line":370,"column":6},"end":{"line":376,"column":7}}],"line":370},"55":{"loc":{"start":{"line":371,"column":8},"end":{"line":375,"column":9}},"type":"if","locations":[{"start":{"line":371,"column":8},"end":{"line":375,"column":9}},{"start":{"line":371,"column":8},"end":{"line":375,"column":9}}],"line":371},"56":{"loc":{"start":{"line":377,"column":27},"end":{"line":377,"column":46}},"type":"cond-expr","locations":[{"start":{"line":377,"column":38},"end":{"line":377,"column":40}},{"start":{"line":377,"column":43},"end":{"line":377,"column":46}}],"line":377},"57":{"loc":{"start":{"line":380,"column":14},"end":{"line":380,"column":119}},"type":"binary-expr","locations":[{"start":{"line":380,"column":15},"end":{"line":380,"column":38}},{"start":{"line":380,"column":45},"end":{"line":380,"column":118}}],"line":380},"58":{"loc":{"start":{"line":386,"column":2},"end":{"line":396,"column":3}},"type":"if","locations":[{"start":{"line":386,"column":2},"end":{"line":396,"column":3}},{"start":{"line":386,"column":2},"end":{"line":396,"column":3}}],"line":386},"59":{"loc":{"start":{"line":387,"column":4},"end":{"line":389,"column":5}},"type":"if","locations":[{"start":{"line":387,"column":4},"end":{"line":389,"column":5}},{"start":{"line":387,"column":4},"end":{"line":389,"column":5}}],"line":387},"60":{"loc":{"start":{"line":390,"column":9},"end":{"line":396,"column":3}},"type":"if","locations":[{"start":{"line":390,"column":9},"end":{"line":396,"column":3}},{"start":{"line":390,"column":9},"end":{"line":396,"column":3}}],"line":390},"61":{"loc":{"start":{"line":391,"column":4},"end":{"line":393,"column":5}},"type":"if","locations":[{"start":{"line":391,"column":4},"end":{"line":393,"column":5}},{"start":{"line":391,"column":4},"end":{"line":393,"column":5}}],"line":391},"62":{"loc":{"start":{"line":394,"column":9},"end":{"line":396,"column":3}},"type":"if","locations":[{"start":{"line":394,"column":9},"end":{"line":396,"column":3}},{"start":{"line":394,"column":9},"end":{"line":396,"column":3}}],"line":394},"63":{"loc":{"start":{"line":411,"column":2},"end":{"line":429,"column":3}},"type":"if","locations":[{"start":{"line":411,"column":2},"end":{"line":429,"column":3}},{"start":{"line":411,"column":2},"end":{"line":429,"column":3}}],"line":411},"64":{"loc":{"start":{"line":416,"column":9},"end":{"line":429,"column":3}},"type":"if","locations":[{"start":{"line":416,"column":9},"end":{"line":429,"column":3}},{"start":{"line":416,"column":9},"end":{"line":429,"column":3}}],"line":416}},"s":{"0":3,"1":3,"2":3,"3":3,"4":3,"5":3,"6":3,"7":292,"8":292,"9":292,"10":11,"11":281,"12":281,"13":281,"14":281,"15":0,"16":0,"17":0,"18":0,"19":0,"20":0,"21":0,"22":0,"23":0,"24":0,"25":0,"26":0,"27":0,"28":0,"29":0,"30":0,"31":0,"32":0,"33":0,"34":0,"35":0,"36":0,"37":0,"38":0,"39":0,"40":0,"41":0,"42":0,"43":0,"44":0,"45":0,"46":0,"47":0,"48":0,"49":0,"50":0,"51":0,"52":0,"53":0,"54":0,"55":0,"56":0,"57":0,"58":0,"59":0,"60":0,"61":0,"62":0,"63":0,"64":0,"65":0,"66":20,"67":20,"68":0,"69":0,"70":0,"71":0,"72":20,"73":20,"74":20,"75":20,"76":20,"77":20,"78":20,"79":20,"80":20,"81":20,"82":20,"83":20,"84":20,"85":4,"86":4,"87":4,"88":4,"89":4,"90":4,"91":4,"92":4,"93":16,"94":12,"95":12,"96":12,"97":12,"98":12,"99":12,"100":12,"101":12,"102":12,"103":12,"104":12,"105":12,"106":12,"107":12,"108":12,"109":12,"110":12,"111":12,"112":12,"113":12,"114":0,"115":0,"116":0,"117":0,"118":0,"119":0,"120":0,"121":0,"122":0,"123":0,"124":0,"125":0,"126":0,"127":0,"128":0,"129":0,"130":0,"131":0,"132":0,"133":0,"134":0,"135":0,"136":0,"137":0,"138":0,"139":0,"140":0,"141":0,"142":0,"143":0,"144":0,"145":0,"146":0,"147":0,"148":0,"149":0,"150":0,"151":0,"152":0,"153":0,"154":0,"155":0,"156":0,"157":0,"158":0,"159":0,"160":0,"161":0,"162":0,"163":0,"164":0,"165":0,"166":0,"167":0,"168":0,"169":0,"170":0,"171":0,"172":0,"173":0,"174":0,"175":0,"176":0,"177":0,"178":0,"179":0,"180":0,"181":0,"182":0,"183":0,"184":0,"185":0,"186":0,"187":0,"188":0,"189":0,"190":0,"191":0,"192":0,"193":0,"194":0,"195":0,"196":0,"197":0,"198":0,"199":0,"200":0,"201":0,"202":0,"203":0,"204":0,"205":0,"206":0,"207":0,"208":0,"209":0,"210":22,"211":0,"212":22,"213":0,"214":0,"215":0,"216":22,"217":0,"218":0,"219":0,"220":0,"221":0,"222":0,"223":0,"224":0,"225":0,"226":0,"227":0,"228":0,"229":0,"230":3,"231":3,"232":3,"233":3,"234":2,"235":2,"236":2,"237":2,"238":20,"239":0,"240":20,"241":0,"242":20,"243":20,"244":16,"245":12,"246":4,"247":20,"248":20,"249":20,"250":2,"251":1,"252":0,"253":0,"254":1,"255":0,"256":0,"257":1,"258":0,"259":3,"260":3,"261":3,"262":3,"263":3,"264":3,"265":3,"266":3,"267":3,"268":3,"269":3,"270":0,"271":0,"272":0,"273":0,"274":3,"275":0,"276":0,"277":0,"278":0,"279":0,"280":0,"281":0,"282":3,"283":3,"284":3,"285":90000},"f":{"0":292,"1":0,"2":0,"3":0,"4":20,"5":20,"6":0,"7":0,"8":0,"9":0,"10":0,"11":0,"12":22,"13":0,"14":0,"15":0,"16":3,"17":2,"18":1,"19":3},"b":{"0":[11,281],"1":[292,292,292,292],"2":[0,0],"3":[0,0,0,0],"4":[0,0],"5":[0,0],"6":[0,0],"7":[0,0],"8":[0,0],"9":[0,0],"10":[0,0],"11":[0,0],"12":[0,0],"13":[0,0],"14":[0,0],"15":[0,0],"16":[0,0],"17":[0,0],"18":[0,0],"19":[0,0],"20":[0,0],"21":[0,0],"22":[0,0],"23":[0,0],"24":[0,0],"25":[20,0],"26":[4,16],"27":[12,4],"28":[0,0],"29":[0,0],"30":[0,0],"31":[0,0],"32":[0,0],"33":[0,0],"34":[0,0],"35":[0,0],"36":[0,0],"37":[0,0],"38":[0,0],"39":[0,0],"40":[0,0],"41":[0,0],"42":[0,0],"43":[0,0],"44":[0,0],"45":[0,0],"46":[0,0],"47":[0,22],"48":[0,22],"49":[0,0],"50":[2,2],"51":[22,20],"52":[0,20],"53":[0,20],"54":[16,4],"55":[12,4],"56":[20,0],"57":[20,20],"58":[0,1],"59":[0,0],"60":[0,1],"61":[0,0],"62":[0,1],"63":[0,3],"64":[0,3]},"_coverageSchema":"43e27e138ebf9cfc5966b082cf9a028302ed4184","hash":"1911690959189506ca0f54d38c34cc18ffd7874a"}
}
