TN:
SF:/Users/mstellinga/projects/starfield-generator/src/index.js
FNF:0
FNH:0
LF:0
LH:0
BRF:0
BRH:0
end_of_record
TN:
SF:/Users/mstellinga/projects/starfield-generator/src/components/app.js
FN:7,(anonymous_0)
FNF:1
FNH:0
FNDA:0,(anonymous_0)
DA:8,0
LF:1
LH:0
BRF:0
BRH:0
end_of_record
TN:
SF:/Users/mstellinga/projects/starfield-generator/src/components/generator-ui.js
FN:11,GeneratorUI
FN:48,(anonymous_1)
FN:74,(anonymous_2)
FN:81,(anonymous_3)
FN:87,(anonymous_4)
FN:93,(anonymous_5)
FN:95,(anonymous_6)
FN:112,(anonymous_7)
FN:120,startGenerate
FN:140,(anonymous_9)
FN:141,(anonymous_10)
FN:142,(anonymous_11)
FN:143,(anonymous_12)
FN:148,(anonymous_13)
FNF:14
FNH:1
FNDA:1,GeneratorUI
FNDA:0,(anonymous_1)
FNDA:0,(anonymous_2)
FNDA:0,(anonymous_3)
FNDA:0,(anonymous_4)
FNDA:0,(anonymous_5)
FNDA:0,(anonymous_6)
FNDA:0,(anonymous_7)
FNDA:0,startGenerate
FNDA:0,(anonymous_9)
FNDA:0,(anonymous_10)
FNDA:0,(anonymous_11)
FNDA:0,(anonymous_12)
FNDA:0,(anonymous_13)
DA:13,1
DA:29,1
DA:38,1
DA:39,1
DA:40,1
DA:41,1
DA:42,1
DA:43,1
DA:44,1
DA:45,1
DA:46,1
DA:48,1
DA:50,0
DA:51,0
DA:57,0
DA:58,0
DA:64,0
DA:69,0
DA:70,0
DA:71,0
DA:74,1
DA:75,0
DA:81,1
DA:82,0
DA:83,0
DA:84,0
DA:87,1
DA:88,0
DA:89,0
DA:90,0
DA:93,1
DA:94,0
DA:95,0
DA:96,0
DA:97,0
DA:98,0
DA:99,0
DA:100,0
DA:101,0
DA:102,0
DA:103,0
DA:104,0
DA:105,0
DA:106,0
DA:107,0
DA:108,0
DA:112,0
DA:113,0
DA:114,0
DA:115,0
DA:116,0
DA:121,0
DA:122,0
DA:123,0
DA:124,0
DA:125,0
DA:126,0
DA:129,1
DA:140,0
DA:141,0
DA:142,0
DA:143,0
DA:148,0
LF:63
LH:17
BRDA:50,0,0,0
BRDA:50,0,1,0
BRDA:57,1,0,0
BRDA:57,1,1,0
BRDA:94,2,0,0
BRDA:94,2,1,0
BRDA:94,3,0,0
BRDA:94,3,1,0
BRDA:97,4,0,0
BRDA:97,4,1,0
BRDA:100,5,0,0
BRDA:100,5,1,0
BRDA:102,6,0,0
BRDA:102,6,1,0
BRDA:102,7,0,0
BRDA:102,7,1,0
BRDA:104,8,0,0
BRDA:104,8,1,0
BRDA:113,9,0,0
BRDA:113,9,1,0
BRDA:140,10,0,1
BRDA:140,10,1,1
BRDA:141,11,0,1
BRDA:141,11,1,1
BRDA:142,12,0,1
BRDA:142,12,1,1
BRDA:143,13,0,1
BRDA:143,13,1,0
BRF:28
BRH:7
end_of_record
TN:
SF:/Users/mstellinga/projects/starfield-generator/src/components/elements/checkbox.js
FN:4,(anonymous_0)
FNF:1
FNH:1
FNDA:9,(anonymous_0)
DA:4,3
DA:5,9
LF:2
LH:2
BRF:0
BRH:0
end_of_record
TN:
SF:/Users/mstellinga/projects/starfield-generator/src/components/elements/color-picker.js
FN:18,ColorPicker
FN:21,handleClick
FN:26,handleClose
FN:30,handleChange
FN:34,colorToCSS
FNF:5
FNH:2
FNDA:8,ColorPicker
FNDA:0,handleClick
FNDA:0,handleClose
FNDA:0,handleChange
FNDA:8,colorToCSS
DA:6,3
DA:10,3
DA:19,8
DA:22,0
DA:23,0
DA:27,0
DA:31,0
DA:35,8
DA:38,8
LF:9
LH:5
BRDA:41,0,0,0
BRDA:41,0,1,8
BRF:2
BRH:1
end_of_record
TN:
SF:/Users/mstellinga/projects/starfield-generator/src/components/elements/progress.js
FN:4,Progress
FNF:1
FNH:1
FNDA:2,Progress
DA:6,2
LF:1
LH:1
BRF:0
BRH:0
end_of_record
TN:
SF:/Users/mstellinga/projects/starfield-generator/src/components/elements/text-input.js
FN:4,(anonymous_0)
FNF:1
FNH:1
FNDA:73,(anonymous_0)
DA:4,5
DA:5,73
LF:2
LH:2
BRF:0
BRH:0
end_of_record
TN:
SF:/Users/mstellinga/projects/starfield-generator/src/components/settings/cluster-settings.js
FN:7,ClusterSettings
FN:9,setInt
FN:10,(anonymous_2)
FN:16,setColor
FN:17,(anonymous_4)
FN:22,(anonymous_5)
FN:32,(anonymous_6)
FNF:7
FNH:4
FNDA:3,ClusterSettings
FNDA:40,setInt
FNDA:0,(anonymous_2)
FNDA:7,setColor
FNDA:0,(anonymous_4)
FNDA:7,(anonymous_5)
FNDA:0,(anonymous_6)
DA:10,40
DA:11,0
DA:12,0
DA:17,7
DA:18,0
DA:22,3
DA:23,7
DA:32,0
DA:36,3
LF:9
LH:5
BRDA:12,0,0,0
BRDA:12,0,1,0
BRDA:24,1,0,5
BRDA:24,1,1,2
BRDA:25,2,0,7
BRDA:25,2,1,5
BRDA:32,3,0,7
BRDA:32,3,1,5
BRF:8
BRH:6
end_of_record
TN:
SF:/Users/mstellinga/projects/starfield-generator/src/components/settings/generate-settings.js
FN:6,GenerateSettings
FN:8,setBool
FN:9,(anonymous_2)
FN:14,setInt
FN:15,(anonymous_4)
FN:21,setFloat
FN:22,(anonymous_6)
FNF:7
FNH:4
FNDA:3,GenerateSettings
FNDA:6,setBool
FNDA:0,(anonymous_2)
FNDA:21,setInt
FNDA:0,(anonymous_4)
FNDA:6,setFloat
FNDA:0,(anonymous_6)
DA:9,6
DA:10,0
DA:15,21
DA:16,0
DA:17,0
DA:22,6
DA:23,0
DA:24,0
DA:28,3
LF:9
LH:4
BRDA:17,0,0,0
BRDA:17,0,1,0
BRDA:24,1,0,0
BRDA:24,1,1,0
BRF:4
BRH:0
end_of_record
TN:
SF:/Users/mstellinga/projects/starfield-generator/src/components/settings/image-settings.js
FN:5,ImageSettings
FN:7,setWidth
FN:12,setHeight
FNF:3
FNH:1
FNDA:2,ImageSettings
FNDA:0,setWidth
FNDA:0,setHeight
DA:8,0
DA:9,0
DA:13,0
DA:14,0
DA:17,2
LF:5
LH:1
BRDA:9,0,0,0
BRDA:9,0,1,0
BRDA:14,1,0,0
BRDA:14,1,1,0
BRF:4
BRH:0
end_of_record
TN:
SF:/Users/mstellinga/projects/starfield-generator/src/components/settings/picture.js
FN:10,ClusterCircle
FN:12,createStyle
FN:23,Picture
FN:28,paintCanvas
FN:32,(anonymous_4)
FN:39,(anonymous_5)
FN:43,onDragStart
FN:50,onDragOver
FN:55,onDrop
FN:65,onClick
FN:71,createStyle
FN:82,(anonymous_11)
FN:83,(anonymous_12)
FN:84,(anonymous_13)
FN:89,(anonymous_14)
FNF:15
FNH:2
FNDA:0,ClusterCircle
FNDA:0,createStyle
FNDA:2,Picture
FNDA:0,paintCanvas
FNDA:0,(anonymous_4)
FNDA:0,(anonymous_5)
FNDA:0,onDragStart
FNDA:0,onDragOver
FNDA:0,onDrop
FNDA:0,onClick
FNDA:2,createStyle
FNDA:0,(anonymous_11)
FNDA:0,(anonymous_12)
FNDA:0,(anonymous_13)
FNDA:0,(anonymous_14)
DA:6,2
DA:7,2
DA:8,2
DA:13,0
DA:20,0
DA:25,2
DA:26,2
DA:29,0
DA:32,2
DA:33,0
DA:34,0
DA:35,0
DA:39,2
DA:40,0
DA:44,0
DA:45,0
DA:46,0
DA:52,0
DA:56,0
DA:57,0
DA:58,0
DA:59,0
DA:60,0
DA:61,0
DA:66,0
DA:67,0
DA:72,2
DA:73,2
DA:74,0
DA:76,2
DA:79,2
DA:82,0
DA:83,0
DA:84,0
DA:90,0
LF:35
LH:11
BRDA:33,0,0,0
BRDA:33,0,1,0
BRDA:45,1,0,0
BRDA:45,1,1,0
BRDA:57,2,0,0
BRDA:57,2,1,0
BRDA:66,3,0,0
BRDA:66,3,1,0
BRDA:73,4,0,0
BRDA:73,4,1,2
BRDA:82,5,0,2
BRDA:82,5,1,2
BRDA:83,6,0,2
BRDA:83,6,1,2
BRDA:84,7,0,2
BRDA:84,7,1,0
BRDA:86,8,0,2
BRDA:86,8,1,2
BRDA:87,9,0,2
BRDA:87,9,1,0
BRF:20
BRH:9
end_of_record
TN:
SF:/Users/mstellinga/projects/starfield-generator/src/generator/generator.js
FN:20,setPixel
FN:33,fillPixel
FN:47,blurPixels
FN:74,paint
FN:97,generateClusterLocation
FN:113,createStar
FN:155,createNebulaBubble
FN:192,createFractal
FN:223,drawFractal
FN:244,nextFractalItem
FN:251,drawBubble
FN:305,determineSizeModifier
FN:319,getClusterTotalToGenerate
FN:331,getTotalToGenerate
FN:339,getGenerated
FN:347,getProgress
FN:353,resetGenerated
FN:360,generate
FN:385,applyBlur
FN:399,prepareGenerate
FNF:20
FNH:8
FNDA:292,setPixel
FNDA:0,fillPixel
FNDA:0,blurPixels
FNDA:0,paint
FNDA:20,generateClusterLocation
FNDA:20,createStar
FNDA:0,createNebulaBubble
FNDA:0,createFractal
FNDA:0,drawFractal
FNDA:0,nextFractalItem
FNDA:0,drawBubble
FNDA:0,determineSizeModifier
FNDA:22,getClusterTotalToGenerate
FNDA:0,getTotalToGenerate
FNDA:0,getGenerated
FNDA:0,getProgress
FNDA:3,resetGenerated
FNDA:2,generate
FNDA:1,applyBlur
FNDA:3,prepareGenerate
DA:1,3
DA:2,3
DA:3,3
DA:14,3
DA:16,3
DA:17,3
DA:18,3
DA:21,292
DA:22,292
DA:23,292
DA:24,11
DA:27,281
DA:28,281
DA:29,281
DA:30,281
DA:34,0
DA:35,0
DA:36,0
DA:37,0
DA:38,0
DA:41,0
DA:42,0
DA:43,0
DA:44,0
DA:48,0
DA:49,0
DA:50,0
DA:51,0
DA:52,0
DA:53,0
DA:54,0
DA:55,0
DA:56,0
DA:57,0
DA:58,0
DA:59,0
DA:60,0
DA:61,0
DA:63,0
DA:64,0
DA:65,0
DA:66,0
DA:69,0
DA:70,0
DA:75,0
DA:76,0
DA:77,0
DA:78,0
DA:79,0
DA:80,0
DA:81,0
DA:82,0
DA:83,0
DA:84,0
DA:85,0
DA:86,0
DA:88,0
DA:89,0
DA:90,0
DA:91,0
DA:92,0
DA:94,0
DA:98,20
DA:99,20
DA:104,0
DA:105,0
DA:106,0
DA:107,0
DA:114,20
DA:115,20
DA:116,20
DA:117,20
DA:118,20
DA:119,20
DA:120,20
DA:121,20
DA:122,20
DA:123,4
DA:124,4
DA:125,4
DA:126,4
DA:127,4
DA:128,4
DA:129,4
DA:130,4
DA:131,16
DA:132,12
DA:133,12
DA:134,12
DA:135,12
DA:136,12
DA:137,12
DA:138,12
DA:139,12
DA:140,12
DA:141,12
DA:142,12
DA:143,12
DA:144,12
DA:145,12
DA:146,12
DA:147,12
DA:148,12
DA:149,12
DA:150,12
DA:151,12
DA:156,0
DA:157,0
DA:158,0
DA:159,0
DA:160,0
DA:161,0
DA:162,0
DA:164,0
DA:165,0
DA:166,0
DA:167,0
DA:168,0
DA:170,0
DA:171,0
DA:173,0
DA:174,0
DA:175,0
DA:176,0
DA:177,0
DA:178,0
DA:183,0
DA:184,0
DA:185,0
DA:186,0
DA:187,0
DA:189,0
DA:193,0
DA:194,0
DA:196,0
DA:197,0
DA:198,0
DA:199,0
DA:202,0
DA:203,0
DA:204,0
DA:205,0
DA:207,0
DA:209,0
DA:214,0
DA:224,0
DA:225,0
DA:226,0
DA:231,0
DA:232,0
DA:233,0
DA:245,0
DA:246,0
DA:247,0
DA:254,0
DA:255,0
DA:256,0
DA:257,0
DA:260,0
DA:261,0
DA:262,0
DA:265,0
DA:266,0
DA:267,0
DA:270,0
DA:271,0
DA:272,0
DA:273,0
DA:274,0
DA:275,0
DA:276,0
DA:277,0
DA:278,0
DA:279,0
DA:281,0
DA:282,0
DA:283,0
DA:289,0
DA:290,0
DA:291,0
DA:292,0
DA:293,0
DA:294,0
DA:299,0
DA:302,0
DA:307,0
DA:308,0
DA:309,0
DA:310,0
DA:311,0
DA:312,0
DA:314,0
DA:316,0
DA:320,22
DA:321,0
DA:322,22
DA:323,0
DA:324,0
DA:326,0
DA:328,22
DA:332,0
DA:333,0
DA:334,0
DA:336,0
DA:340,0
DA:341,0
DA:342,0
DA:344,0
DA:348,0
DA:349,0
DA:350,0
DA:354,3
DA:355,3
DA:357,3
DA:361,2
DA:362,2
DA:363,2
DA:364,20
DA:365,0
DA:366,20
DA:367,0
DA:369,20
DA:370,20
DA:371,16
DA:372,12
DA:374,4
DA:377,20
DA:379,20
DA:380,20
DA:382,2
DA:386,1
DA:387,0
DA:388,0
DA:390,1
DA:391,0
DA:392,0
DA:394,1
DA:395,0
DA:400,3
DA:401,3
DA:402,3
DA:403,3
DA:405,3
DA:406,3
DA:407,3
DA:408,3
DA:410,3
DA:411,3
DA:412,0
DA:413,0
DA:414,0
DA:416,3
DA:417,0
DA:418,0
DA:419,0
DA:421,0
DA:422,0
DA:425,3
DA:426,3
DA:427,90000
LF:260
LH:92
BRDA:23,0,0,11
BRDA:23,0,1,281
BRDA:23,1,0,292
BRDA:23,1,1,292
BRDA:23,1,2,292
BRDA:23,1,3,292
BRDA:34,2,0,0
BRDA:34,2,1,0
BRDA:34,3,0,0
BRDA:34,3,1,0
BRDA:34,3,2,0
BRDA:34,3,3,0
BRDA:78,4,0,0
BRDA:78,4,1,0
BRDA:78,5,0,0
BRDA:78,5,1,0
BRDA:79,6,0,0
BRDA:79,6,1,0
BRDA:79,7,0,0
BRDA:79,7,1,0
BRDA:80,8,0,0
BRDA:80,8,1,0
BRDA:80,9,0,0
BRDA:80,9,1,0
BRDA:81,10,0,0
BRDA:81,10,1,0
BRDA:81,11,0,0
BRDA:81,11,1,0
BRDA:82,12,0,0
BRDA:82,12,1,0
BRDA:82,13,0,0
BRDA:82,13,1,0
BRDA:83,14,0,0
BRDA:83,14,1,0
BRDA:83,15,0,0
BRDA:83,15,1,0
BRDA:84,16,0,0
BRDA:84,16,1,0
BRDA:84,17,0,0
BRDA:84,17,1,0
BRDA:85,18,0,0
BRDA:85,18,1,0
BRDA:85,19,0,0
BRDA:85,19,1,0
BRDA:86,20,0,0
BRDA:86,20,1,0
BRDA:86,21,0,0
BRDA:86,21,1,0
BRDA:88,22,0,0
BRDA:88,22,1,0
BRDA:89,23,0,0
BRDA:89,23,1,0
BRDA:90,24,0,0
BRDA:90,24,1,0
BRDA:98,25,0,20
BRDA:98,25,1,0
BRDA:122,26,0,4
BRDA:122,26,1,16
BRDA:131,27,0,12
BRDA:131,27,1,4
BRDA:159,28,0,0
BRDA:159,28,1,0
BRDA:193,29,0,0
BRDA:193,29,1,0
BRDA:202,30,0,0
BRDA:202,30,1,0
BRDA:204,31,0,0
BRDA:204,31,1,0
BRDA:225,32,0,0
BRDA:225,32,1,0
BRDA:232,33,0,0
BRDA:232,33,1,0
BRDA:232,34,0,0
BRDA:232,34,1,0
BRDA:246,35,0,0
BRDA:246,35,1,0
BRDA:274,36,0,0
BRDA:274,36,1,0
BRDA:275,37,0,0
BRDA:275,37,1,0
BRDA:278,38,0,0
BRDA:278,38,1,0
BRDA:282,39,0,0
BRDA:282,39,1,0
BRDA:290,40,0,0
BRDA:290,40,1,0
BRDA:291,41,0,0
BRDA:291,41,1,0
BRDA:291,42,0,0
BRDA:291,42,1,0
BRDA:307,43,0,0
BRDA:307,43,1,0
BRDA:308,44,0,0
BRDA:308,44,1,0
BRDA:310,45,0,0
BRDA:310,45,1,0
BRDA:311,46,0,0
BRDA:311,46,1,0
BRDA:320,47,0,0
BRDA:320,47,1,22
BRDA:322,48,0,0
BRDA:322,48,1,22
BRDA:323,49,0,0
BRDA:323,49,1,0
BRDA:362,50,0,2
BRDA:362,50,1,2
BRDA:363,51,0,22
BRDA:363,51,1,20
BRDA:364,52,0,0
BRDA:364,52,1,20
BRDA:366,53,0,0
BRDA:366,53,1,20
BRDA:370,54,0,16
BRDA:370,54,1,4
BRDA:371,55,0,12
BRDA:371,55,1,4
BRDA:377,56,0,20
BRDA:377,56,1,0
BRDA:380,57,0,20
BRDA:380,57,1,20
BRDA:386,58,0,0
BRDA:386,58,1,1
BRDA:387,59,0,0
BRDA:387,59,1,0
BRDA:390,60,0,0
BRDA:390,60,1,1
BRDA:391,61,0,0
BRDA:391,61,1,0
BRDA:394,62,0,0
BRDA:394,62,1,1
BRDA:411,63,0,0
BRDA:411,63,1,3
BRDA:416,64,0,0
BRDA:416,64,1,3
BRF:134
BRH:31
end_of_record
